/home/ishamm/miniconda3/envs/pytorch-env2/bin/python /home/ishamm/Projects/MSc/Speech_Intent/Feature_Classify/speech-k-fold.py
Using TensorFlow backend.
Running on  ta  data
Total data samples   : 400
Number of classes    : 6
Occurrences of classes in total dataset
[101  75  62  46  49  67]

----Dataset Detail----
Training Data X  : (400, 861, 32, 1)  Y (400, 6)
--Occurrences in each classes--
Training Data   : [101  75  62  46  49  67]
Fold  1
Building model for  ta  dataset
2021-12-29 17:01:23.548069: I tensorflow/core/platform/cpu_feature_guard.cc:145] This TensorFlow binary is optimized with Intel(R) MKL-DNN to use the following CPU instructions in performance critical operations:  SSE4.1 SSE4.2 AVX AVX2 AVX512F FMA
To enable them in non-MKL-DNN operations, rebuild TensorFlow with the appropriate compiler flags.
2021-12-29 17:01:23.575321: I tensorflow/core/platform/profile_utils/cpu_utils.cc:94] CPU Frequency: 1497600000 Hz
2021-12-29 17:01:23.575712: I tensorflow/compiler/xla/service/service.cc:168] XLA service 0x56109fcd1cf0 executing computations on platform Host. Devices:
2021-12-29 17:01:23.575731: I tensorflow/compiler/xla/service/service.cc:175]   StreamExecutor device (0): Host, Default Version
2021-12-29 17:01:23.576164: I tensorflow/core/common_runtime/process_util.cc:115] Creating new thread pool with default inter op setting: 2. Tune using inter_op_parallelism_threads for best performance.
Train on 320 samples, validate on 80 samples
Epoch 1/9
 - 6s - loss: 1.8961 - accuracy: 0.2469 - val_loss: 1.6490 - val_accuracy: 0.3000
Epoch 2/9
 - 8s - loss: 1.4359 - accuracy: 0.4594 - val_loss: 1.2851 - val_accuracy: 0.5125
Epoch 3/9
 - 13s - loss: 1.0017 - accuracy: 0.6562 - val_loss: 0.8320 - val_accuracy: 0.7250
Epoch 4/9
 - 18s - loss: 0.6655 - accuracy: 0.7500 - val_loss: 0.6094 - val_accuracy: 0.8500
Epoch 5/9
 - 17s - loss: 0.5400 - accuracy: 0.8125 - val_loss: 0.4990 - val_accuracy: 0.8625
Epoch 6/9
 - 16s - loss: 0.3021 - accuracy: 0.9125 - val_loss: 0.4054 - val_accuracy: 0.8750
Epoch 7/9
 - 17s - loss: 0.1794 - accuracy: 0.9406 - val_loss: 0.4253 - val_accuracy: 0.8625
Epoch 8/9
 - 19s - loss: 0.1171 - accuracy: 0.9594 - val_loss: 0.3404 - val_accuracy: 0.8875
Epoch 9/9
 - 18s - loss: 0.1066 - accuracy: 0.9563 - val_loss: 0.3548 - val_accuracy: 0.9125
(80, 6)
[1.96819214e-10 2.37270786e-10 6.19217122e-10 1.43608259e-09
 3.02130498e-09 8.51259152e-09 8.53202131e-09 1.03286286e-08
 1.05744409e-08 1.62136367e-08 1.71553172e-08 2.20304308e-08
 2.37255779e-08 2.48634553e-08 2.71778511e-08 4.18452686e-08
 5.37110907e-08 6.38911786e-08 8.10599445e-08 1.01774859e-07
 1.46436477e-07 1.58478159e-07 2.01692202e-07 2.18359716e-07
 2.20666365e-07 2.62363869e-07 3.43892395e-07 3.51302418e-07
 3.90627122e-07 4.28903491e-07 5.50151242e-07 6.42146631e-07
 6.80322671e-07 8.94040568e-07 9.52901530e-07 1.39777012e-06
 1.44369244e-06 1.53076905e-06 1.59481135e-06 1.83372686e-06
 2.23899906e-06 2.49792583e-06 2.57304350e-06 2.77179151e-06
 2.85100987e-06 2.86622094e-06 2.96166559e-06 2.96429585e-06
 3.05297522e-06 3.12608699e-06 3.36644644e-06 3.93274468e-06
 4.27833356e-06 4.99006228e-06 5.23757444e-06 6.52824701e-06
 7.14857879e-06 8.70235817e-06 9.56986878e-06 9.58875171e-06
 9.88640386e-06 1.08788372e-05 1.12762646e-05 1.15608082e-05
 1.16294041e-05 1.19081051e-05 1.19410543e-05 1.36775107e-05
 1.39358908e-05 1.92350381e-05 1.93225515e-05 2.11555016e-05
 2.14407137e-05 2.30503356e-05 2.37830664e-05 2.61703372e-05
 2.63689999e-05 2.81886969e-05 2.99542662e-05 3.01082309e-05
 3.01829932e-05 3.11716358e-05 3.12543380e-05 3.16085170e-05
 3.33877142e-05 3.41942796e-05 3.63338768e-05 3.63873587e-05
 3.76559874e-05 3.85442399e-05 4.12865193e-05 4.30557957e-05
 4.43782192e-05 4.44435645e-05 4.57157948e-05 4.61891577e-05
 4.74389562e-05 4.89972190e-05 5.33312086e-05 5.35605832e-05
 5.70097109e-05 5.83050969e-05 6.04143570e-05 6.31493604e-05
 6.47170236e-05 6.47550696e-05 6.63890896e-05 6.64777690e-05
 6.65699336e-05 7.11320172e-05 7.14806156e-05 8.19216657e-05
 8.67889394e-05 8.84777401e-05 9.20160819e-05 9.39443707e-05
 9.41236431e-05 9.51315087e-05 9.94142756e-05 9.96677045e-05
 1.00452271e-04 1.06421699e-04 1.16271760e-04 1.18600714e-04
 1.22341211e-04 1.22962490e-04 1.23306745e-04 1.29022243e-04
 1.29441440e-04 1.32984103e-04 1.35419803e-04 1.37313749e-04
 1.37509909e-04 1.39945623e-04 1.57578237e-04 1.62625656e-04
 1.71631924e-04 1.83984623e-04 1.84480668e-04 1.94139735e-04
 1.96405555e-04 2.04296754e-04 2.15809428e-04 2.20084141e-04
 2.24694289e-04 2.34438747e-04 2.37310174e-04 2.43034709e-04
 2.71640572e-04 2.72295496e-04 2.88103474e-04 3.01499269e-04
 3.16770398e-04 3.25670961e-04 3.26242211e-04 3.29716684e-04
 3.36931669e-04 3.38314363e-04 3.44473927e-04 3.48884147e-04
 3.62567254e-04 3.70451395e-04 3.71444214e-04 3.82123224e-04
 3.88740766e-04 3.89058318e-04 4.00417804e-04 4.02701349e-04
 4.03178943e-04 4.04254388e-04 4.10674518e-04 4.21997305e-04
 4.23049962e-04 4.32443892e-04 4.37270442e-04 4.46426799e-04
 4.49674029e-04 4.60890209e-04 4.64109180e-04 4.65692428e-04
 4.73234948e-04 4.74702596e-04 4.76567657e-04 4.98565496e-04
 5.05370379e-04 5.07967139e-04 5.33568789e-04 5.38792985e-04
 5.45772316e-04 5.50080265e-04 5.54129190e-04 5.82979410e-04
 5.98220620e-04 6.09932235e-04 6.19340397e-04 6.24206848e-04
 6.27207104e-04 6.32326351e-04 6.46847009e-04 6.52414223e-04
 6.74466777e-04 7.40261399e-04 7.65676319e-04 8.13370221e-04
 8.23729439e-04 8.37222149e-04 8.45661561e-04 8.53478094e-04
 8.65424576e-04 8.98435770e-04 9.04393964e-04 9.31660994e-04
 9.85041610e-04 1.02135341e-03 1.03703421e-03 1.09881919e-03
 1.11812074e-03 1.15185697e-03 1.17816927e-03 1.20759127e-03
 1.24355103e-03 1.25529140e-03 1.27206300e-03 1.27827504e-03
 1.33220141e-03 1.33385218e-03 1.35090726e-03 1.37611036e-03
 1.38005510e-03 1.38892094e-03 1.45583344e-03 1.50399888e-03
 1.52670115e-03 1.62282644e-03 1.62291306e-03 1.65404903e-03
 1.71880575e-03 1.74831145e-03 1.75885065e-03 1.76465441e-03
 1.83347578e-03 1.87116745e-03 1.87960535e-03 2.07007676e-03
 2.07609963e-03 2.08488829e-03 2.13620393e-03 2.22239899e-03
 2.26736953e-03 2.28607235e-03 2.29928992e-03 2.30783923e-03
 2.31064134e-03 2.33809929e-03 2.37727468e-03 2.38790270e-03
 2.39491160e-03 2.45145429e-03 2.47667870e-03 2.50318786e-03
 2.61649536e-03 2.62804213e-03 2.83738412e-03 2.83920066e-03
 2.95126601e-03 2.96009285e-03 3.13239312e-03 3.18232202e-03
 3.32126953e-03 3.34452209e-03 3.34525085e-03 3.38367582e-03
 3.40399751e-03 3.47064598e-03 3.90005880e-03 4.02922137e-03
 4.07032901e-03 4.12787683e-03 4.14700015e-03 4.28623380e-03
 4.53302963e-03 4.78152512e-03 4.86636860e-03 5.16488543e-03
 5.20877074e-03 5.35953231e-03 5.43719437e-03 5.55697782e-03
 5.55956038e-03 5.84492320e-03 5.97932003e-03 6.14245003e-03
 6.17149519e-03 6.50265673e-03 6.51251012e-03 6.60291780e-03
 6.64273463e-03 6.76423358e-03 7.12995604e-03 7.86500331e-03
 7.99699966e-03 8.04645289e-03 8.15696828e-03 8.96498282e-03
 9.75577254e-03 9.94558632e-03 1.01418449e-02 1.02736754e-02
 1.05398968e-02 1.06909508e-02 1.11153983e-02 1.13051729e-02
 1.13451686e-02 1.20874047e-02 1.23140123e-02 1.24039752e-02
 1.25542711e-02 1.27537819e-02 1.30746961e-02 1.36541398e-02
 1.38086202e-02 1.39534622e-02 1.39924213e-02 1.42206755e-02
 1.45291826e-02 1.47065204e-02 1.51270311e-02 1.60483532e-02
 1.68697834e-02 1.72810741e-02 1.74538735e-02 1.74824148e-02
 1.81152187e-02 1.85220093e-02 1.99490637e-02 2.37475056e-02
 2.46074703e-02 2.83751879e-02 3.00283507e-02 3.10130939e-02
 3.13322023e-02 3.20676938e-02 3.33661921e-02 3.35236490e-02
 3.60251516e-02 3.77849974e-02 3.81696299e-02 4.05446365e-02
 4.14480641e-02 4.18800637e-02 4.21288796e-02 4.33020666e-02
 4.42120731e-02 4.59764414e-02 4.62558568e-02 4.72638756e-02
 4.78660166e-02 4.85493429e-02 4.85582240e-02 4.88912575e-02
 5.11840582e-02 5.18582277e-02 5.29671572e-02 5.62032498e-02
 5.68257198e-02 5.87571524e-02 5.92645295e-02 6.36197478e-02
 6.90837651e-02 8.52666646e-02 8.68660361e-02 8.73196796e-02
 9.09907073e-02 9.72500443e-02 1.00111745e-01 1.01057559e-01
 1.04261063e-01 1.04557276e-01 1.07180081e-01 1.10578880e-01
 1.21672660e-01 1.36121899e-01 1.36461154e-01 1.42397568e-01
 1.60917595e-01 1.94877312e-01 2.03308776e-01 2.03481138e-01
 2.13691115e-01 2.32179567e-01 2.33880296e-01 2.36108467e-01
 2.40753144e-01 2.54999876e-01 2.75350332e-01 2.81430066e-01
 2.86092639e-01 2.96512693e-01 3.89886349e-01 4.20997441e-01
 4.35544014e-01 4.41552550e-01 4.75669891e-01 4.93020564e-01
 5.28732896e-01 5.76769173e-01 6.30455792e-01 6.31811798e-01
 6.32474780e-01 6.50613964e-01 6.58510506e-01 6.93522871e-01
 6.98928297e-01 7.56730199e-01 7.89832115e-01 7.95754731e-01
 8.02286506e-01 8.17026794e-01 8.67979348e-01 8.82894278e-01
 9.04532611e-01 9.12453592e-01 9.22554076e-01 9.29006577e-01
 9.33846951e-01 9.35154736e-01 9.36745703e-01 9.42939878e-01
 9.44832683e-01 9.45056558e-01 9.55325305e-01 9.56735194e-01
 9.62561965e-01 9.68475342e-01 9.68591630e-01 9.75868762e-01
 9.78327334e-01 9.79910851e-01 9.80346918e-01 9.80717838e-01
 9.82127786e-01 9.82486606e-01 9.82986391e-01 9.83271897e-01
 9.83384371e-01 9.84000504e-01 9.84789670e-01 9.84910548e-01
 9.87303138e-01 9.87616599e-01 9.88961875e-01 9.90395486e-01
 9.90980208e-01 9.91323590e-01 9.91829574e-01 9.91969407e-01
 9.91988063e-01 9.92261589e-01 9.94311571e-01 9.95138407e-01
 9.96021450e-01 9.96072412e-01 9.96281803e-01 9.96311963e-01
 9.97631431e-01 9.98141766e-01 9.98186886e-01 9.98442709e-01
 9.98475730e-01 9.99102116e-01 9.99282539e-01 9.99330044e-01
 9.99333322e-01 9.99458373e-01 9.99467075e-01 9.99870658e-01
 9.99904990e-01 9.99921322e-01 9.99936461e-01 9.99999046e-01]
[0 1 2 3 4 5]
Fold  2
Building model for  ta  dataset
Train on 320 samples, validate on 80 samples
Epoch 1/9
 - 21s - loss: 1.8879 - accuracy: 0.2594 - val_loss: 1.7043 - val_accuracy: 0.4250
Epoch 2/9
 - 21s - loss: 1.4946 - accuracy: 0.4375 - val_loss: 1.2092 - val_accuracy: 0.4500
Epoch 3/9
 - 21s - loss: 1.0047 - accuracy: 0.6250 - val_loss: 0.7085 - val_accuracy: 0.8000
Epoch 4/9
 - 19s - loss: 0.5893 - accuracy: 0.8125 - val_loss: 0.5268 - val_accuracy: 0.8500
Epoch 5/9
 - 19s - loss: 0.3161 - accuracy: 0.9156 - val_loss: 0.5557 - val_accuracy: 0.8125
Epoch 6/9
 - 19s - loss: 0.2523 - accuracy: 0.9187 - val_loss: 0.4108 - val_accuracy: 0.8500
Epoch 7/9
 - 19s - loss: 0.1470 - accuracy: 0.9594 - val_loss: 0.3884 - val_accuracy: 0.8875
Epoch 8/9
 - 19s - loss: 0.0998 - accuracy: 0.9750 - val_loss: 0.3285 - val_accuracy: 0.8875
Epoch 9/9
 - 19s - loss: 0.0652 - accuracy: 0.9812 - val_loss: 0.4319 - val_accuracy: 0.8500
(80, 6)
[3.93012733e-09 4.16937151e-09 5.91574656e-09 1.28469066e-08
 1.34469804e-08 1.47056980e-08 1.57030318e-08 2.25307648e-08
 2.69218816e-08 3.37075647e-08 4.20926867e-08 5.49599797e-08
 5.73068455e-08 6.47070735e-08 7.31894971e-08 7.53328919e-08
 7.98450301e-08 8.67468302e-08 9.65349543e-08 1.06885579e-07
 1.07147081e-07 1.10808770e-07 1.11325178e-07 1.13361004e-07
 1.24395768e-07 1.32409937e-07 1.59058729e-07 1.69869708e-07
 1.72598874e-07 1.77696123e-07 2.04883477e-07 3.08857494e-07
 3.14558775e-07 3.52294137e-07 3.60161010e-07 4.11082311e-07
 4.21956855e-07 4.52035152e-07 4.60662250e-07 5.30424870e-07
 5.42396776e-07 5.79727839e-07 6.29038936e-07 6.54441521e-07
 7.85585371e-07 7.94863524e-07 8.75101762e-07 9.24957192e-07
 9.25539723e-07 9.55128939e-07 1.14099873e-06 1.18953426e-06
 1.22443907e-06 1.22915822e-06 1.33061860e-06 1.39288443e-06
 1.52100438e-06 1.56729618e-06 1.56942144e-06 1.63824518e-06
 1.71712543e-06 1.80599511e-06 1.84367286e-06 1.90295873e-06
 1.93942401e-06 2.33286210e-06 2.48465813e-06 2.69982479e-06
 2.70686655e-06 2.73698856e-06 2.88063711e-06 2.97862948e-06
 3.01331102e-06 3.06152242e-06 3.11265012e-06 3.15132615e-06
 3.23154836e-06 3.30990815e-06 3.52079041e-06 3.55967700e-06
 3.56207329e-06 3.66452969e-06 3.68062524e-06 3.72159116e-06
 4.17244883e-06 4.67272730e-06 4.94890401e-06 5.00065016e-06
 5.16993941e-06 5.20876802e-06 5.48125763e-06 5.58234251e-06
 5.81189397e-06 6.01737338e-06 6.04426305e-06 6.20485616e-06
 6.59095531e-06 6.68135317e-06 6.93990205e-06 7.02252100e-06
 7.30761121e-06 7.56534655e-06 7.64385277e-06 8.88494651e-06
 9.50090271e-06 1.03005714e-05 1.04990086e-05 1.09091616e-05
 1.09395151e-05 1.15902694e-05 1.18656653e-05 1.18734097e-05
 1.24886865e-05 1.28398433e-05 1.35062637e-05 1.35085638e-05
 1.38424975e-05 1.43163697e-05 1.50660544e-05 1.60865584e-05
 1.84611799e-05 1.86329016e-05 1.89219118e-05 1.91541549e-05
 1.97254831e-05 2.03588534e-05 2.05041724e-05 2.09596747e-05
 2.26746542e-05 2.68552412e-05 2.71792778e-05 2.92137411e-05
 3.04683344e-05 3.16732039e-05 3.46785346e-05 3.67994326e-05
 3.74095544e-05 3.96665127e-05 4.14208444e-05 4.27187297e-05
 4.27338455e-05 4.80590897e-05 4.84224402e-05 4.84891098e-05
 4.99581183e-05 5.08590674e-05 5.58031679e-05 5.81814020e-05
 6.25079483e-05 6.27070476e-05 6.30591967e-05 6.49505164e-05
 6.49697104e-05 7.10162567e-05 7.13686168e-05 7.19136515e-05
 7.36724760e-05 7.91656057e-05 7.96836248e-05 8.06375683e-05
 8.27177064e-05 8.32480218e-05 8.49049538e-05 8.65265538e-05
 8.87422430e-05 9.33404735e-05 9.37207587e-05 9.67390442e-05
 1.00070414e-04 1.05926214e-04 1.13761285e-04 1.20221739e-04
 1.20257799e-04 1.20841600e-04 1.21898047e-04 1.26776999e-04
 1.28054904e-04 1.30676272e-04 1.32149624e-04 1.35015667e-04
 1.37347102e-04 1.55471600e-04 1.56741196e-04 1.65122823e-04
 1.71984226e-04 1.86382036e-04 1.89677332e-04 1.92450359e-04
 1.97136847e-04 1.97891801e-04 1.99057569e-04 2.04290525e-04
 2.09808248e-04 2.12080966e-04 2.15218359e-04 2.28826975e-04
 2.29469064e-04 2.53820501e-04 2.54346232e-04 2.69578508e-04
 2.84007489e-04 2.90099182e-04 3.15350218e-04 3.28370981e-04
 3.40911414e-04 3.42466024e-04 3.49369686e-04 3.60504026e-04
 3.90847243e-04 3.94110219e-04 4.04362363e-04 4.15083137e-04
 4.31652501e-04 4.32045374e-04 4.50505002e-04 4.63571749e-04
 4.69816296e-04 4.75051114e-04 4.78805188e-04 4.83473908e-04
 4.92406194e-04 4.92684834e-04 5.41294226e-04 5.49754070e-04
 5.69092575e-04 5.81135624e-04 5.84995782e-04 5.86221926e-04
 5.90851647e-04 6.31744566e-04 6.32007781e-04 6.38828496e-04
 6.49288646e-04 6.94694812e-04 7.16016511e-04 7.32494984e-04
 7.48632767e-04 8.01653077e-04 8.04271665e-04 8.07871576e-04
 8.58468760e-04 8.64952453e-04 8.84194567e-04 9.21049039e-04
 9.36213997e-04 9.44217376e-04 9.51450784e-04 9.70533467e-04
 9.72730399e-04 9.82165569e-04 1.00576901e-03 1.01155741e-03
 1.01477583e-03 1.04659074e-03 1.07788376e-03 1.08181778e-03
 1.18285092e-03 1.21819379e-03 1.21931301e-03 1.24071224e-03
 1.24706607e-03 1.27878122e-03 1.34083128e-03 1.42318662e-03
 1.42423890e-03 1.48173480e-03 1.51904416e-03 1.68271794e-03
 1.82563229e-03 1.85022759e-03 1.85176125e-03 1.85308431e-03
 1.88772019e-03 1.93728355e-03 2.00807024e-03 2.04091077e-03
 2.07985099e-03 2.08161259e-03 2.09376030e-03 2.16826145e-03
 2.32450897e-03 2.42022541e-03 2.44625704e-03 2.47681327e-03
 2.52719945e-03 2.61673541e-03 2.72486429e-03 3.07325879e-03
 3.09608830e-03 3.11093219e-03 3.16950679e-03 3.26008094e-03
 3.34135722e-03 3.36165028e-03 3.41034331e-03 3.52796889e-03
 3.60163930e-03 3.97035340e-03 4.29988420e-03 4.36781440e-03
 4.55039972e-03 4.56978288e-03 4.73594526e-03 5.43489726e-03
 5.46578784e-03 5.88359544e-03 6.38182368e-03 6.42565545e-03
 6.64066616e-03 7.11031863e-03 7.32572377e-03 7.54568819e-03
 8.30433890e-03 8.96980334e-03 8.97972006e-03 1.00595038e-02
 1.15313064e-02 1.17146671e-02 1.22831184e-02 1.46833435e-02
 1.47249708e-02 1.56391338e-02 1.71022173e-02 1.80764478e-02
 1.90755296e-02 2.06460580e-02 2.08578464e-02 2.13347096e-02
 2.24373471e-02 2.25146338e-02 2.26549227e-02 2.28536185e-02
 2.30167061e-02 2.32461747e-02 2.34766062e-02 2.48929076e-02
 2.56635472e-02 2.57488117e-02 2.63750888e-02 2.63758916e-02
 2.79181041e-02 2.82513238e-02 2.89009381e-02 2.98369471e-02
 3.12291160e-02 3.19123976e-02 3.30512971e-02 3.39056998e-02
 3.51380594e-02 3.61919999e-02 3.65458354e-02 3.72075625e-02
 3.93049978e-02 4.16420586e-02 4.16619107e-02 4.46042679e-02
 4.55184355e-02 5.00776097e-02 5.16619049e-02 5.17928414e-02
 5.20959944e-02 5.33344075e-02 5.67634553e-02 5.81817962e-02
 6.19725399e-02 6.27258196e-02 6.32147714e-02 6.78298324e-02
 9.20170993e-02 9.39892083e-02 9.64207277e-02 1.15966484e-01
 1.16241008e-01 1.23266079e-01 1.24588870e-01 1.30476028e-01
 1.35140032e-01 1.36465222e-01 1.45150766e-01 1.83755949e-01
 1.85130045e-01 1.90800563e-01 1.98731408e-01 1.99251756e-01
 2.00068787e-01 2.02335373e-01 2.05931693e-01 2.11806580e-01
 2.15516791e-01 2.21090153e-01 2.31255412e-01 2.34155491e-01
 2.60792136e-01 2.63887554e-01 2.73687243e-01 3.00171524e-01
 3.15115899e-01 3.18098009e-01 3.21675450e-01 3.40079725e-01
 3.48356366e-01 3.76892030e-01 3.83888721e-01 4.24770683e-01
 4.26965535e-01 4.65928316e-01 5.69269776e-01 5.96691012e-01
 6.07307374e-01 6.59673631e-01 6.61030650e-01 6.68631077e-01
 6.91534340e-01 6.93124652e-01 7.41258979e-01 7.60835528e-01
 8.15638483e-01 8.28903317e-01 8.60275388e-01 9.12009954e-01
 9.14665759e-01 9.14949775e-01 9.30637062e-01 9.31864858e-01
 9.37966228e-01 9.42781985e-01 9.44880247e-01 9.45679247e-01
 9.54243422e-01 9.54711616e-01 9.56179082e-01 9.56179976e-01
 9.73151088e-01 9.73760545e-01 9.89479244e-01 9.90922272e-01
 9.92482126e-01 9.92539942e-01 9.95920181e-01 9.96173084e-01
 9.96305704e-01 9.96540189e-01 9.96771634e-01 9.96777475e-01
 9.96850312e-01 9.97423649e-01 9.97504532e-01 9.97658730e-01
 9.98072386e-01 9.98131931e-01 9.98170018e-01 9.98311996e-01
 9.98680055e-01 9.98886883e-01 9.98909950e-01 9.99127924e-01
 9.99307632e-01 9.99415517e-01 9.99465287e-01 9.99548614e-01
 9.99582827e-01 9.99683499e-01 9.99718249e-01 9.99732316e-01
 9.99733984e-01 9.99781549e-01 9.99859452e-01 9.99862194e-01
 9.99869108e-01 9.99879122e-01 9.99911666e-01 9.99932885e-01
 9.99958873e-01 9.99964595e-01 9.99966264e-01 9.99971986e-01
 9.99993682e-01 9.99995470e-01 9.99997854e-01 9.99999166e-01]
[0 1 2 3 4 5]
Fold  3
Building model for  ta  dataset
Train on 320 samples, validate on 80 samples
Epoch 1/9
 - 23s - loss: 1.8931 - accuracy: 0.2313 - val_loss: 1.6993 - val_accuracy: 0.3750
Epoch 2/9
 - 20s - loss: 1.5182 - accuracy: 0.4156 - val_loss: 1.3397 - val_accuracy: 0.6000
Epoch 3/9
 - 18s - loss: 1.0311 - accuracy: 0.6438 - val_loss: 0.9011 - val_accuracy: 0.6875
Epoch 4/9
 - 20s - loss: 0.5694 - accuracy: 0.8000 - val_loss: 0.5966 - val_accuracy: 0.7750
Epoch 5/9
 - 20s - loss: 0.2757 - accuracy: 0.9281 - val_loss: 0.5037 - val_accuracy: 0.8375
Epoch 6/9
 - 20s - loss: 0.1945 - accuracy: 0.9469 - val_loss: 0.5182 - val_accuracy: 0.7875
Epoch 7/9
 - 18s - loss: 0.1014 - accuracy: 0.9812 - val_loss: 0.5078 - val_accuracy: 0.8625
Epoch 8/9
 - 18s - loss: 0.1163 - accuracy: 0.9719 - val_loss: 0.5190 - val_accuracy: 0.8500
Epoch 9/9
 - 18s - loss: 0.0691 - accuracy: 0.9719 - val_loss: 0.6302 - val_accuracy: 0.8125
(80, 6)
[1.48787660e-09 2.05792183e-09 2.13346474e-09 4.05019573e-09
 4.07896650e-09 5.97839733e-09 6.81192880e-09 1.25797808e-08
 1.31859466e-08 1.37851108e-08 3.15648201e-08 3.34032322e-08
 3.38222570e-08 3.59121834e-08 4.56066651e-08 4.62423699e-08
 5.56148834e-08 7.04888876e-08 7.27335490e-08 7.47732756e-08
 1.17407858e-07 1.20773478e-07 1.42205423e-07 1.93474392e-07
 1.94273028e-07 2.07853788e-07 2.44086181e-07 2.90195459e-07
 3.05176229e-07 3.12926630e-07 3.41805247e-07 3.44562864e-07
 3.88308393e-07 3.97677098e-07 4.42960925e-07 4.61098040e-07
 5.42911494e-07 6.37329777e-07 7.29709541e-07 8.26267296e-07
 1.07966491e-06 1.50245194e-06 1.52826465e-06 1.62752724e-06
 1.70939973e-06 1.94297081e-06 2.16113267e-06 2.17861225e-06
 2.21589153e-06 2.53290182e-06 2.79331266e-06 2.92922914e-06
 2.94915435e-06 3.31457750e-06 3.45169292e-06 3.49210382e-06
 3.66368022e-06 4.01615580e-06 4.99139333e-06 5.00123315e-06
 5.16259161e-06 5.88593957e-06 6.01248939e-06 6.32308911e-06
 7.09060851e-06 7.30773763e-06 7.34833384e-06 7.83937503e-06
 8.11229529e-06 8.98027884e-06 9.05675915e-06 9.26204939e-06
 9.33251340e-06 1.00389143e-05 1.27282119e-05 1.30641838e-05
 1.31128536e-05 1.33822314e-05 1.53058882e-05 1.54772169e-05
 1.58117182e-05 1.61939352e-05 1.63142340e-05 1.63319510e-05
 1.66665923e-05 1.78442660e-05 1.84114051e-05 1.97443660e-05
 1.97889385e-05 2.00399572e-05 2.14220036e-05 2.24605465e-05
 2.26693828e-05 2.31825143e-05 2.38205466e-05 2.54096849e-05
 2.56727089e-05 2.62748108e-05 2.63972943e-05 2.64226219e-05
 2.87195726e-05 2.92827626e-05 3.04706318e-05 3.06778275e-05
 3.31249794e-05 3.37953279e-05 3.41363557e-05 3.46310917e-05
 3.62149112e-05 3.65955966e-05 3.72947143e-05 4.01916877e-05
 4.14231617e-05 4.20697725e-05 4.92047984e-05 5.07476143e-05
 5.16382752e-05 5.36053558e-05 5.45782168e-05 6.18233680e-05
 6.23487867e-05 6.26423498e-05 6.34027456e-05 6.85605119e-05
 7.22678524e-05 7.28044106e-05 7.57876696e-05 7.74290311e-05
 8.04182200e-05 8.69032665e-05 8.84780238e-05 9.32952025e-05
 1.04501298e-04 1.04841616e-04 1.04937200e-04 1.07767621e-04
 1.11580812e-04 1.12246162e-04 1.14108021e-04 1.15253912e-04
 1.15275601e-04 1.27992709e-04 1.28454674e-04 1.28786021e-04
 1.34092581e-04 1.36580013e-04 1.37921350e-04 1.39468888e-04
 1.43464771e-04 1.44250982e-04 1.62872995e-04 1.66691767e-04
 1.89496743e-04 1.93153042e-04 1.96991983e-04 2.04101365e-04
 2.06870434e-04 2.11546459e-04 2.22975199e-04 2.24121395e-04
 2.24996504e-04 2.35461150e-04 2.44404393e-04 2.48536526e-04
 2.65179959e-04 2.68428848e-04 2.73467245e-04 2.74285645e-04
 2.74318154e-04 2.78355845e-04 2.82290741e-04 2.86313967e-04
 2.89126998e-04 3.18184349e-04 3.20516381e-04 3.45244596e-04
 3.53631214e-04 3.55584780e-04 3.61445593e-04 3.82552214e-04
 3.96262971e-04 4.04005579e-04 4.26562561e-04 4.35428286e-04
 4.43571276e-04 4.47350321e-04 4.68469283e-04 4.73613763e-04
 4.79339622e-04 4.90239589e-04 4.92732157e-04 5.01823204e-04
 5.39758883e-04 5.47196774e-04 5.59495646e-04 5.64199116e-04
 5.92486409e-04 5.94507495e-04 6.41074206e-04 6.53726980e-04
 6.60147518e-04 6.60413527e-04 6.62936945e-04 6.69497997e-04
 6.78558601e-04 6.88808912e-04 6.90946588e-04 7.12149194e-04
 7.16425944e-04 7.35465728e-04 7.38008064e-04 7.51868181e-04
 7.55244982e-04 7.62206211e-04 8.45725648e-04 8.52540717e-04
 8.95490637e-04 9.01792082e-04 9.27304383e-04 9.44013882e-04
 9.49866895e-04 9.62429680e-04 9.63766070e-04 1.04374497e-03
 1.06196606e-03 1.15919020e-03 1.20562979e-03 1.21913641e-03
 1.22482434e-03 1.39334414e-03 1.40875473e-03 1.41381682e-03
 1.41775131e-03 1.47576339e-03 1.48662133e-03 1.52310496e-03
 1.55699567e-03 1.55914540e-03 1.55979057e-03 1.64375582e-03
 1.69142976e-03 1.71212561e-03 1.76585605e-03 1.77649513e-03
 1.81439554e-03 1.96222286e-03 2.00133375e-03 2.01365910e-03
 2.02713558e-03 2.03640480e-03 2.05122633e-03 2.10479228e-03
 2.12858198e-03 2.20811693e-03 2.21304456e-03 2.24740012e-03
 2.25162064e-03 2.26065819e-03 2.28174520e-03 2.28773826e-03
 2.31573964e-03 2.32446915e-03 2.48281332e-03 2.49415357e-03
 2.50510057e-03 2.51961988e-03 2.53434316e-03 2.61840760e-03
 2.61871493e-03 2.64505367e-03 2.79050251e-03 2.80075124e-03
 3.09504918e-03 3.23300110e-03 3.29777831e-03 3.33592156e-03
 3.39378882e-03 3.52429785e-03 3.57599347e-03 3.61801498e-03
 3.65296076e-03 3.77253024e-03 3.78261996e-03 3.89427831e-03
 3.96394450e-03 3.99001269e-03 4.34620632e-03 4.49038064e-03
 4.52237343e-03 4.58065327e-03 4.88901697e-03 4.96993912e-03
 4.97579528e-03 5.07366750e-03 5.56509476e-03 5.86548541e-03
 5.94537565e-03 6.12355210e-03 6.18980359e-03 6.24716654e-03
 6.58577355e-03 6.58715749e-03 6.79740123e-03 6.90041902e-03
 6.90106582e-03 7.16862502e-03 7.26337638e-03 7.30433408e-03
 7.32980017e-03 7.40892813e-03 7.61991832e-03 7.65738357e-03
 7.68499216e-03 7.78668979e-03 7.84246903e-03 7.90868606e-03
 7.96912052e-03 8.15020967e-03 8.18955898e-03 8.46180506e-03
 8.54113512e-03 8.75444710e-03 8.77698697e-03 9.20821261e-03
 9.23729315e-03 9.57977585e-03 9.61548463e-03 9.65664349e-03
 9.95177589e-03 1.06119616e-02 1.10129155e-02 1.10216010e-02
 1.16550308e-02 1.17544895e-02 1.22477571e-02 1.22750020e-02
 1.35138407e-02 1.35852220e-02 1.49506554e-02 1.62003227e-02
 1.79603621e-02 2.18087379e-02 2.18227375e-02 2.23873202e-02
 2.50005312e-02 2.73738559e-02 2.74708029e-02 2.82500722e-02
 2.93090027e-02 2.94264983e-02 3.08915190e-02 3.14436592e-02
 3.32305394e-02 3.43645103e-02 3.56417485e-02 3.69289368e-02
 3.70072685e-02 3.71420644e-02 3.75305600e-02 3.91999893e-02
 4.11789492e-02 4.24767733e-02 4.49454188e-02 4.63215783e-02
 4.90920804e-02 4.99611683e-02 5.23257963e-02 5.24268672e-02
 5.49307838e-02 5.55398576e-02 6.29185662e-02 6.46009147e-02
 6.99651688e-02 7.04436600e-02 7.53733367e-02 9.56329852e-02
 9.58939791e-02 9.68213975e-02 9.77825001e-02 1.00417323e-01
 1.01895548e-01 1.08848490e-01 1.15158401e-01 1.16312280e-01
 1.20085508e-01 1.27326399e-01 1.27928182e-01 1.38756797e-01
 1.41512364e-01 1.53716415e-01 1.68321297e-01 1.72029331e-01
 1.83186650e-01 1.86506331e-01 2.21385494e-01 2.23379597e-01
 2.35848069e-01 2.54944384e-01 2.69345194e-01 4.60761338e-01
 4.68984276e-01 5.39709210e-01 5.49907386e-01 5.94186783e-01
 6.17965758e-01 6.19036734e-01 6.98947072e-01 7.26545095e-01
 7.30503500e-01 7.76211739e-01 7.84288406e-01 7.92537510e-01
 8.18368316e-01 8.28596175e-01 8.36107790e-01 8.39480639e-01
 8.39557350e-01 8.44778478e-01 8.46598804e-01 8.84687662e-01
 8.88852954e-01 9.29687560e-01 9.42243934e-01 9.48504508e-01
 9.48673129e-01 9.50664461e-01 9.57043290e-01 9.59859967e-01
 9.66481268e-01 9.67260122e-01 9.72423375e-01 9.73710895e-01
 9.78688002e-01 9.81222808e-01 9.84195232e-01 9.84368622e-01
 9.85145926e-01 9.85378146e-01 9.87153590e-01 9.88940060e-01
 9.89747167e-01 9.90048766e-01 9.90591109e-01 9.90895271e-01
 9.91809666e-01 9.92107928e-01 9.93044436e-01 9.93361115e-01
 9.93594348e-01 9.95593607e-01 9.96545732e-01 9.97384727e-01
 9.98078942e-01 9.98345852e-01 9.98542905e-01 9.98617887e-01
 9.98886287e-01 9.99043047e-01 9.99085069e-01 9.99188960e-01
 9.99452770e-01 9.99476016e-01 9.99583185e-01 9.99587476e-01
 9.99611318e-01 9.99741852e-01 9.99753535e-01 9.99761879e-01
 9.99833822e-01 9.99839544e-01 9.99850392e-01 9.99956727e-01
 9.99969244e-01 9.99980807e-01 9.99982715e-01 9.99983788e-01
 9.99987245e-01 9.99993682e-01 9.99996662e-01 9.99998808e-01]
[0 1 2 3 4 5]
Fold  4
Building model for  ta  dataset
Train on 320 samples, validate on 80 samples
Epoch 1/9
 - 18s - loss: 1.9097 - accuracy: 0.2500 - val_loss: 1.6748 - val_accuracy: 0.3625
Epoch 2/9
 - 17s - loss: 1.5292 - accuracy: 0.4000 - val_loss: 1.2966 - val_accuracy: 0.5375
Epoch 3/9
 - 17s - loss: 1.1388 - accuracy: 0.5813 - val_loss: 1.0414 - val_accuracy: 0.5750
Epoch 4/9
 - 17s - loss: 0.7448 - accuracy: 0.7281 - val_loss: 0.7518 - val_accuracy: 0.6875
Epoch 5/9
 - 17s - loss: 0.5305 - accuracy: 0.8250 - val_loss: 0.4840 - val_accuracy: 0.8375
Epoch 6/9
 - 17s - loss: 0.3562 - accuracy: 0.8719 - val_loss: 0.4418 - val_accuracy: 0.9000
Epoch 7/9
 - 17s - loss: 0.2393 - accuracy: 0.9312 - val_loss: 0.3345 - val_accuracy: 0.8750
Epoch 8/9
 - 17s - loss: 0.1501 - accuracy: 0.9594 - val_loss: 0.3931 - val_accuracy: 0.8750
Epoch 9/9
 - 17s - loss: 0.1429 - accuracy: 0.9594 - val_loss: 0.2692 - val_accuracy: 0.9125
(80, 6)
[1.66100922e-09 2.02777350e-09 7.70109754e-09 9.65035873e-09
 1.28473507e-08 2.35543212e-08 2.61310191e-08 4.35413803e-08
 4.69346659e-08 5.64301850e-08 5.92585820e-08 6.38643272e-08
 1.06283096e-07 1.65298260e-07 4.36446982e-07 4.45995113e-07
 1.21727032e-06 1.31763909e-06 1.32727621e-06 1.49269249e-06
 1.70394981e-06 1.96153974e-06 2.03403511e-06 2.38851408e-06
 2.53258804e-06 2.61413948e-06 2.70550186e-06 2.74037779e-06
 3.44939303e-06 3.51696826e-06 3.93331493e-06 4.20347715e-06
 4.20729657e-06 4.40787608e-06 4.94859978e-06 5.10735072e-06
 5.17162016e-06 5.25073847e-06 5.25476844e-06 5.40016572e-06
 5.82297071e-06 6.00994690e-06 6.09039762e-06 6.48531750e-06
 9.00486157e-06 1.04420178e-05 1.05678782e-05 1.08045870e-05
 1.12723874e-05 1.30239669e-05 1.30948993e-05 1.31790548e-05
 1.35734890e-05 1.36585259e-05 1.37231737e-05 1.41423370e-05
 1.44868982e-05 1.47213932e-05 1.49656744e-05 1.93792930e-05
 2.00386912e-05 2.05633878e-05 2.11278766e-05 2.12124451e-05
 2.24507203e-05 2.40269510e-05 2.47194548e-05 2.62142275e-05
 2.68699769e-05 2.83043864e-05 2.84464895e-05 2.87997482e-05
 3.22126944e-05 3.23793756e-05 3.46144916e-05 3.49939583e-05
 3.68137298e-05 3.72946779e-05 3.75288255e-05 3.80997299e-05
 3.83538136e-05 4.02457263e-05 4.03972481e-05 4.16684525e-05
 4.23979000e-05 4.29375250e-05 4.48092760e-05 5.17995431e-05
 5.53715145e-05 6.18929917e-05 6.21640211e-05 6.51483861e-05
 6.62720631e-05 7.35277717e-05 7.40648684e-05 7.68094469e-05
 7.80070186e-05 8.01658825e-05 8.02183713e-05 8.08860859e-05
 8.57832711e-05 9.11718016e-05 9.28547306e-05 9.33199408e-05
 9.35640564e-05 9.52749833e-05 1.09821303e-04 1.10869929e-04
 1.20237200e-04 1.22513942e-04 1.22976111e-04 1.25252467e-04
 1.27138381e-04 1.27680760e-04 1.30851302e-04 1.32980975e-04
 1.40160832e-04 1.43119541e-04 1.43588055e-04 1.47072307e-04
 1.49997810e-04 1.57842267e-04 1.61379081e-04 1.63847755e-04
 1.64687794e-04 1.74344488e-04 1.83954879e-04 1.86465186e-04
 1.88235848e-04 1.94876236e-04 1.98208829e-04 2.01931034e-04
 2.12920058e-04 2.15956752e-04 2.16999135e-04 2.18172252e-04
 2.19864829e-04 2.21364025e-04 2.23058916e-04 2.24712174e-04
 2.46604352e-04 2.71958212e-04 2.73016252e-04 2.75765429e-04
 2.84742884e-04 2.91973440e-04 3.03004112e-04 3.05113208e-04
 3.09999188e-04 3.24440654e-04 3.29423405e-04 3.34478944e-04
 3.37917241e-04 3.44747037e-04 3.71894246e-04 3.77506658e-04
 3.95095354e-04 4.67671198e-04 4.81402065e-04 4.84048098e-04
 4.94413020e-04 4.98537440e-04 5.16532571e-04 5.32730774e-04
 5.35926782e-04 5.40253997e-04 5.50480851e-04 5.75099257e-04
 6.14087854e-04 6.39645499e-04 6.41353545e-04 6.58885692e-04
 6.69816334e-04 6.78632467e-04 7.03346042e-04 7.03771075e-04
 7.06570980e-04 7.17673218e-04 7.20437150e-04 7.29528896e-04
 7.38618255e-04 7.61998817e-04 7.69666396e-04 7.75740074e-04
 8.22922913e-04 8.88132607e-04 8.97559570e-04 9.24121123e-04
 9.42860439e-04 9.43804567e-04 9.56666248e-04 9.60331468e-04
 9.76355455e-04 1.00684934e-03 1.01796235e-03 1.01881241e-03
 1.02126307e-03 1.02230220e-03 1.02524180e-03 1.06691278e-03
 1.09368260e-03 1.14154036e-03 1.17734179e-03 1.21061876e-03
 1.24037662e-03 1.26758963e-03 1.27086299e-03 1.29529065e-03
 1.32582046e-03 1.32817286e-03 1.34080811e-03 1.40741130e-03
 1.40929606e-03 1.53406616e-03 1.55411521e-03 1.69066421e-03
 1.73522963e-03 1.77886756e-03 1.82577327e-03 1.84022647e-03
 1.92214129e-03 2.02059094e-03 2.04232987e-03 2.10963679e-03
 2.13462347e-03 2.16021831e-03 2.19806517e-03 2.22123740e-03
 2.27894238e-03 2.61592469e-03 2.79035722e-03 2.83549749e-03
 2.86170980e-03 2.89764861e-03 3.16650793e-03 3.27615836e-03
 3.44518945e-03 3.46521521e-03 3.50595359e-03 3.51853576e-03
 3.57730803e-03 3.59432166e-03 3.93689470e-03 4.03520232e-03
 4.12520347e-03 4.17078473e-03 4.25026193e-03 4.31402819e-03
 4.35147947e-03 4.37638350e-03 4.39824630e-03 4.46046051e-03
 4.55476437e-03 4.60818224e-03 4.64336760e-03 4.67655342e-03
 4.77571692e-03 4.78754286e-03 4.86520445e-03 4.92699631e-03
 4.94358549e-03 5.32870134e-03 5.44142351e-03 5.48549462e-03
 5.52193588e-03 5.96206402e-03 6.06103428e-03 6.11058204e-03
 6.11623749e-03 6.15469040e-03 6.15691859e-03 6.33809855e-03
 6.47283019e-03 6.79559540e-03 6.93301018e-03 7.09632691e-03
 7.11323135e-03 7.11866049e-03 7.12739630e-03 7.13814050e-03
 7.15917721e-03 7.45881069e-03 7.52316602e-03 7.88720604e-03
 8.59890040e-03 8.94636195e-03 8.95765703e-03 9.07762442e-03
 9.45600308e-03 9.87551268e-03 9.98273958e-03 1.00140497e-02
 1.00371484e-02 1.05959717e-02 1.06433630e-02 1.07266679e-02
 1.08052520e-02 1.09152719e-02 1.15910759e-02 1.20713869e-02
 1.21793859e-02 1.22708771e-02 1.25156743e-02 1.28690777e-02
 1.29509931e-02 1.32040419e-02 1.33273490e-02 1.48283038e-02
 1.49271684e-02 1.49674108e-02 1.50817009e-02 1.58673078e-02
 1.59608573e-02 1.74431540e-02 1.75163466e-02 1.80799253e-02
 1.83812529e-02 1.85529031e-02 1.90756489e-02 1.96636487e-02
 2.01035552e-02 2.01079007e-02 2.05268245e-02 2.15642005e-02
 2.18568705e-02 2.24129241e-02 2.27713082e-02 2.33763587e-02
 2.36956440e-02 2.44162213e-02 2.45601479e-02 2.53199227e-02
 2.63979994e-02 2.78636366e-02 2.91431453e-02 3.40141281e-02
 3.40760164e-02 3.54752131e-02 3.64827551e-02 3.73912081e-02
 3.85687277e-02 3.98963839e-02 4.03144397e-02 4.27330695e-02
 4.29476760e-02 4.34389934e-02 4.37569171e-02 4.61863354e-02
 4.79176566e-02 4.85830344e-02 4.86763678e-02 5.14977686e-02
 5.24297357e-02 5.40976934e-02 5.51743992e-02 5.55465631e-02
 6.02886789e-02 6.21505789e-02 6.46873042e-02 6.92190230e-02
 7.05992505e-02 7.35563338e-02 7.38182515e-02 7.38266259e-02
 8.98596197e-02 8.99556354e-02 9.25671682e-02 9.53247249e-02
 9.62937102e-02 9.88795832e-02 1.02798142e-01 1.05174229e-01
 1.14974760e-01 1.18400916e-01 1.24459662e-01 1.32593215e-01
 1.44821778e-01 1.54152080e-01 1.56052694e-01 1.64480209e-01
 1.69745535e-01 1.73141226e-01 1.85633257e-01 1.92682922e-01
 1.97393849e-01 2.11354256e-01 2.28239059e-01 2.50128657e-01
 2.53458500e-01 2.57311165e-01 2.60092974e-01 2.97876894e-01
 2.97934264e-01 3.07417661e-01 3.08523118e-01 3.72375667e-01
 3.98504764e-01 4.09401596e-01 4.17186916e-01 4.20956761e-01
 4.30659354e-01 4.82801914e-01 5.03919899e-01 5.10071754e-01
 5.34206331e-01 5.39200783e-01 5.50768256e-01 5.55739820e-01
 5.69319665e-01 6.01836503e-01 6.32160425e-01 6.94340944e-01
 7.00932980e-01 7.01532066e-01 7.17360556e-01 7.19311655e-01
 7.35800922e-01 7.70696282e-01 7.92749226e-01 8.02483022e-01
 8.06295931e-01 8.20715904e-01 8.34854066e-01 8.42269599e-01
 8.50908518e-01 8.56531501e-01 8.76434565e-01 8.82193744e-01
 8.82585168e-01 8.97252798e-01 9.03864384e-01 9.05651927e-01
 9.08387542e-01 9.18008983e-01 9.26539719e-01 9.28925037e-01
 9.41747785e-01 9.42286670e-01 9.42434549e-01 9.47558224e-01
 9.53502417e-01 9.57631886e-01 9.57974195e-01 9.65691864e-01
 9.69418526e-01 9.69847202e-01 9.70843375e-01 9.74369049e-01
 9.75907922e-01 9.76376593e-01 9.76465523e-01 9.77113008e-01
 9.79236722e-01 9.79521453e-01 9.83189046e-01 9.84515786e-01
 9.85705733e-01 9.89735246e-01 9.92007971e-01 9.92159665e-01
 9.94258165e-01 9.94305909e-01 9.94965374e-01 9.97027218e-01
 9.97473300e-01 9.97519910e-01 9.98043299e-01 9.98214722e-01
 9.98479664e-01 9.98514354e-01 9.98698115e-01 9.98871148e-01
 9.99219656e-01 9.99400854e-01 9.99537349e-01 9.99567449e-01
 9.99632835e-01 9.99662161e-01 9.99764860e-01 9.99810040e-01]
[0 1 2 3 4 5]
Fold  5
Building model for  ta  dataset
Train on 320 samples, validate on 80 samples
Epoch 1/9
 - 18s - loss: 1.8927 - accuracy: 0.2750 - val_loss: 1.6464 - val_accuracy: 0.3875
Epoch 2/9
 - 17s - loss: 1.5430 - accuracy: 0.4031 - val_loss: 1.2813 - val_accuracy: 0.5625
Epoch 3/9
 - 17s - loss: 1.1310 - accuracy: 0.6000 - val_loss: 0.9437 - val_accuracy: 0.6875
Epoch 4/9
 - 18s - loss: 0.7339 - accuracy: 0.7437 - val_loss: 0.6336 - val_accuracy: 0.8250
Epoch 5/9
 - 17s - loss: 0.4822 - accuracy: 0.8438 - val_loss: 0.4952 - val_accuracy: 0.8625
Epoch 6/9
 - 17s - loss: 0.2951 - accuracy: 0.9125 - val_loss: 0.4663 - val_accuracy: 0.8375
Epoch 7/9
 - 19s - loss: 0.2431 - accuracy: 0.9219 - val_loss: 0.3944 - val_accuracy: 0.8750
Epoch 8/9
 - 19s - loss: 0.2029 - accuracy: 0.9438 - val_loss: 0.2939 - val_accuracy: 0.9125
Epoch 9/9
 - 18s - loss: 0.1858 - accuracy: 0.9375 - val_loss: 0.2505 - val_accuracy: 0.9250
(80, 6)
[7.74669928e-09 1.70405201e-08 5.76327750e-08 1.54656661e-07
 1.77916036e-07 2.13085457e-07 2.24650606e-07 2.73749635e-07
 3.35388535e-07 4.19057812e-07 4.76830678e-07 5.10785526e-07
 6.26809253e-07 7.13047257e-07 9.04731962e-07 1.08078621e-06
 1.27892588e-06 1.34799075e-06 2.14116858e-06 2.53598159e-06
 3.05657159e-06 3.27341286e-06 3.34890774e-06 3.42837825e-06
 4.06281924e-06 4.08949882e-06 4.11699148e-06 4.60118690e-06
 5.06977585e-06 5.39798657e-06 5.72139743e-06 6.00910289e-06
 6.09314475e-06 6.13546354e-06 6.53524739e-06 6.58569297e-06
 7.51146035e-06 7.88808848e-06 8.68403458e-06 9.56783970e-06
 9.90830358e-06 1.15271050e-05 1.20408404e-05 1.31965662e-05
 1.34282382e-05 1.36702301e-05 1.41422879e-05 1.49814668e-05
 1.61160133e-05 1.63306158e-05 1.71351421e-05 1.88844479e-05
 2.18009609e-05 2.38315552e-05 2.41970829e-05 2.48800479e-05
 2.64675746e-05 2.75680795e-05 2.77491563e-05 2.81055636e-05
 2.89915115e-05 3.11415206e-05 3.17793929e-05 3.18814164e-05
 3.52715579e-05 3.72730719e-05 3.74884694e-05 3.90929454e-05
 3.98949924e-05 4.36637856e-05 4.54315887e-05 4.55636036e-05
 4.87058896e-05 4.92255349e-05 5.00521710e-05 5.10523460e-05
 5.34420760e-05 5.62502282e-05 5.85287271e-05 6.07110996e-05
 6.34145326e-05 6.40495564e-05 6.57030105e-05 6.78123033e-05
 7.02662583e-05 7.43468554e-05 7.59069007e-05 7.83697251e-05
 8.32279547e-05 8.72452874e-05 8.77605635e-05 9.39153906e-05
 9.89513865e-05 9.92996211e-05 9.97944662e-05 1.02336926e-04
 1.07001208e-04 1.07256878e-04 1.09246037e-04 1.09661698e-04
 1.15492810e-04 1.20830548e-04 1.29200896e-04 1.29987209e-04
 1.33690512e-04 1.35705908e-04 1.36171642e-04 1.36373899e-04
 1.41124052e-04 1.45157654e-04 1.45257538e-04 1.51308137e-04
 1.52464665e-04 1.53751360e-04 1.70384592e-04 1.71368476e-04
 1.72322689e-04 1.72720116e-04 1.72904154e-04 1.75115201e-04
 1.84034798e-04 1.85365541e-04 1.89766899e-04 1.90320483e-04
 1.93133092e-04 1.95998873e-04 2.05492921e-04 2.06790486e-04
 2.13489344e-04 2.24735631e-04 2.25122625e-04 2.27849989e-04
 2.34450810e-04 2.40282083e-04 2.45733274e-04 2.58232583e-04
 2.70731602e-04 2.77628278e-04 2.90967844e-04 2.94187077e-04
 2.95420148e-04 2.96271144e-04 3.31449992e-04 3.32299474e-04
 3.58218909e-04 3.60055332e-04 3.66819557e-04 3.70385504e-04
 3.74286145e-04 3.82031052e-04 3.95395240e-04 4.12473339e-04
 4.14384936e-04 4.24085709e-04 4.36565286e-04 4.51728964e-04
 4.51868429e-04 4.56520676e-04 4.60185489e-04 4.80903545e-04
 4.93250787e-04 5.08986705e-04 5.14594314e-04 5.23143157e-04
 5.27264958e-04 5.42522641e-04 5.60444139e-04 5.95321297e-04
 6.54503237e-04 6.60248159e-04 7.34520960e-04 7.39112671e-04
 7.76133500e-04 8.47072573e-04 9.01916530e-04 9.18802747e-04
 9.20547056e-04 9.21182160e-04 9.41156060e-04 9.50956310e-04
 9.58145363e-04 9.81046585e-04 1.01565570e-03 1.02338032e-03
 1.13728060e-03 1.18454685e-03 1.18707609e-03 1.22872787e-03
 1.22965395e-03 1.24178024e-03 1.24337955e-03 1.24725746e-03
 1.26136327e-03 1.28655112e-03 1.33309700e-03 1.38190459e-03
 1.38841674e-03 1.39274995e-03 1.43945718e-03 1.43947441e-03
 1.45876745e-03 1.51098601e-03 1.51655695e-03 1.52247446e-03
 1.60874042e-03 1.62837142e-03 1.64342497e-03 1.64582150e-03
 1.76443066e-03 1.76677597e-03 1.77786616e-03 1.79557491e-03
 1.90266175e-03 1.97840016e-03 1.98130519e-03 1.99453812e-03
 2.32452992e-03 2.37564254e-03 2.41317740e-03 2.42079725e-03
 2.42268620e-03 2.43059942e-03 2.46227277e-03 2.49020662e-03
 2.50161509e-03 2.52000010e-03 2.66121468e-03 2.71929055e-03
 2.77381949e-03 2.77667074e-03 2.87523936e-03 2.99724238e-03
 2.99750827e-03 3.05166352e-03 3.09645222e-03 3.09834466e-03
 3.10595706e-03 3.18310922e-03 3.26878554e-03 3.29171936e-03
 3.37265595e-03 3.47206322e-03 3.66374128e-03 3.75202135e-03
 3.88624100e-03 3.99331283e-03 4.02267091e-03 4.03791992e-03
 4.13022889e-03 4.16684942e-03 4.27616015e-03 4.29798104e-03
 4.33099363e-03 4.38274629e-03 4.41170437e-03 4.43899492e-03
 4.44414513e-03 4.51691821e-03 4.52140952e-03 4.69180755e-03
 4.71496582e-03 5.05698146e-03 5.16161276e-03 5.24643436e-03
 5.31418901e-03 5.31729497e-03 5.61230490e-03 5.69342077e-03
 5.76330861e-03 5.87003445e-03 6.18939055e-03 6.23726239e-03
 6.43580034e-03 6.52830349e-03 6.66075153e-03 6.66604424e-03
 6.71210559e-03 6.89624762e-03 7.11611984e-03 7.22469063e-03
 7.78430700e-03 7.85173848e-03 8.00644048e-03 8.11097212e-03
 8.16796906e-03 9.26527660e-03 9.41193290e-03 9.52582806e-03
 9.54703614e-03 9.64689907e-03 9.79277398e-03 1.01294527e-02
 1.04273958e-02 1.06127458e-02 1.09958937e-02 1.10521577e-02
 1.13459909e-02 1.15030278e-02 1.16214622e-02 1.18296389e-02
 1.25713423e-02 1.33700129e-02 1.37379505e-02 1.48583036e-02
 1.53740067e-02 1.55101120e-02 1.63110513e-02 1.66261215e-02
 1.70869753e-02 1.71953700e-02 1.79359112e-02 1.81070920e-02
 1.82194393e-02 1.83893554e-02 1.86694693e-02 1.88409779e-02
 1.90017261e-02 1.94942951e-02 2.00814437e-02 2.08623800e-02
 2.15428025e-02 2.15786193e-02 2.25074273e-02 2.25991029e-02
 2.28260960e-02 2.39584409e-02 2.40088198e-02 2.41576619e-02
 2.44569033e-02 2.48915423e-02 2.49275938e-02 2.50126570e-02
 2.66946517e-02 2.67771725e-02 2.79748943e-02 2.82658935e-02
 2.90401820e-02 2.94185970e-02 2.98970435e-02 3.08316872e-02
 3.10542397e-02 3.10676247e-02 3.30741145e-02 3.35534662e-02
 3.44030485e-02 3.55640389e-02 3.56223099e-02 3.62514108e-02
 3.71425524e-02 3.72808725e-02 3.77927534e-02 3.92289720e-02
 3.97532247e-02 4.19521257e-02 4.34596762e-02 4.72703762e-02
 4.92632054e-02 4.98457402e-02 5.06292172e-02 5.50979860e-02
 5.71833178e-02 6.31711334e-02 6.39053434e-02 6.47800937e-02
 6.59646988e-02 7.94624761e-02 8.59724507e-02 8.62498209e-02
 8.65108147e-02 8.76960605e-02 8.99198577e-02 9.47194844e-02
 9.59307104e-02 1.03164710e-01 1.12113237e-01 1.22821011e-01
 1.26933306e-01 1.31463751e-01 1.31991163e-01 1.39311388e-01
 1.39623925e-01 1.41138464e-01 1.43356651e-01 1.44688934e-01
 1.70688689e-01 1.72271699e-01 1.84111342e-01 1.89557612e-01
 1.89990178e-01 1.94126055e-01 2.07544476e-01 2.10136876e-01
 2.18844831e-01 2.21942976e-01 2.47964248e-01 2.54445910e-01
 2.54954606e-01 2.57482558e-01 3.35434318e-01 3.53645831e-01
 3.63832325e-01 3.98084372e-01 4.13245946e-01 5.18376410e-01
 5.51317990e-01 6.06450379e-01 6.29183590e-01 6.35624945e-01
 6.53856218e-01 6.56067669e-01 6.59357667e-01 7.12669969e-01
 7.13694572e-01 7.29418457e-01 7.50352859e-01 7.52705574e-01
 7.65487015e-01 7.99706161e-01 8.41135204e-01 8.48833203e-01
 8.73794973e-01 8.76241267e-01 8.92568052e-01 9.06413674e-01
 9.06912446e-01 9.35697436e-01 9.37651813e-01 9.42872345e-01
 9.47117388e-01 9.48159218e-01 9.49300230e-01 9.52317417e-01
 9.56116796e-01 9.59060431e-01 9.62346733e-01 9.68543231e-01
 9.70187306e-01 9.70882595e-01 9.82695043e-01 9.84397948e-01
 9.84986722e-01 9.86790478e-01 9.88182724e-01 9.89585817e-01
 9.90375221e-01 9.91438091e-01 9.91479754e-01 9.91711736e-01
 9.92182136e-01 9.93205905e-01 9.93857324e-01 9.95204806e-01
 9.95527208e-01 9.95884717e-01 9.95993853e-01 9.96725023e-01
 9.96731162e-01 9.97095346e-01 9.97255147e-01 9.97888267e-01
 9.98088181e-01 9.98737991e-01 9.98932064e-01 9.99290228e-01
 9.99345362e-01 9.99384165e-01 9.99452889e-01 9.99596536e-01
 9.99610722e-01 9.99622703e-01 9.99638081e-01 9.99709904e-01
 9.99738634e-01 9.99742687e-01 9.99755800e-01 9.99862194e-01
 9.99896765e-01 9.99901056e-01 9.99915242e-01 9.99933958e-01]
[0 1 2 3 4 5]
---Results----
---Overall Data---
mean
loss    0.387306
acc     0.882500
dtype: float64
std
loss    0.153868
acc     0.048894
dtype: float64

Process finished with exit code 0
