/home/ishamm/miniconda3/envs/pytorch-env2/bin/python /home/ishamm/Projects/MSc/Speech_Intent/Feature_Classify_dual_model/speech-k-fold.py
Using TensorFlow backend.
Running on  ta  data
Total data samples   : 400 400
Number of classes    : 6
Occurrences of classes in total dataset
[101  75  62  46  49  67]

----Dataset Detail----
Training Data X  : (400, 306, 32, 1) (400, 555, 32, 1)  Y (400, 6)
--Occurrences in each classes--
Training Data   : [101  75  62  46  49  67]
Fold  1
Building model for  ta  dataset
2021-12-29 22:48:54.408887: I tensorflow/core/platform/cpu_feature_guard.cc:145] This TensorFlow binary is optimized with Intel(R) MKL-DNN to use the following CPU instructions in performance critical operations:  SSE4.1 SSE4.2 AVX AVX2 AVX512F FMA
To enable them in non-MKL-DNN operations, rebuild TensorFlow with the appropriate compiler flags.
2021-12-29 22:48:54.431468: I tensorflow/core/platform/profile_utils/cpu_utils.cc:94] CPU Frequency: 1497600000 Hz
2021-12-29 22:48:54.432146: I tensorflow/compiler/xla/service/service.cc:168] XLA service 0x55f6b27be640 executing computations on platform Host. Devices:
2021-12-29 22:48:54.432165: I tensorflow/compiler/xla/service/service.cc:175]   StreamExecutor device (0): Host, Default Version
2021-12-29 22:48:54.432489: I tensorflow/core/common_runtime/process_util.cc:115] Creating new thread pool with default inter op setting: 2. Tune using inter_op_parallelism_threads for best performance.
Train on 320 samples, validate on 80 samples
Epoch 1/9
 - 7s - loss: 1.7918 - accuracy: 0.2750 - val_loss: 1.6821 - val_accuracy: 0.3250
Epoch 2/9
 - 6s - loss: 1.5075 - accuracy: 0.4062 - val_loss: 1.3572 - val_accuracy: 0.5500
Epoch 3/9
 - 6s - loss: 1.0764 - accuracy: 0.6094 - val_loss: 1.0226 - val_accuracy: 0.6750
Epoch 4/9
 - 7s - loss: 0.7290 - accuracy: 0.7406 - val_loss: 0.8110 - val_accuracy: 0.7875
Epoch 5/9
 - 7s - loss: 0.5225 - accuracy: 0.8219 - val_loss: 0.8031 - val_accuracy: 0.7250
Epoch 6/9
 - 9s - loss: 0.4011 - accuracy: 0.8750 - val_loss: 0.6477 - val_accuracy: 0.7750
Epoch 7/9
 - 9s - loss: 0.2217 - accuracy: 0.9344 - val_loss: 0.7177 - val_accuracy: 0.7875
Epoch 8/9
 - 9s - loss: 0.2596 - accuracy: 0.9125 - val_loss: 0.6509 - val_accuracy: 0.7875
Epoch 9/9
 - 9s - loss: 0.1394 - accuracy: 0.9688 - val_loss: 0.6271 - val_accuracy: 0.7875
(80, 6)
[2.66463509e-08 2.88812281e-08 3.06568317e-08 4.64289940e-08
 4.91565437e-08 1.01975445e-07 1.24073537e-07 1.27936914e-07
 1.28865707e-07 1.52374099e-07 2.03303912e-07 2.04087556e-07
 2.22534965e-07 2.24156238e-07 2.57698417e-07 4.32615508e-07
 4.37071748e-07 4.69700637e-07 4.79646246e-07 5.39668918e-07
 6.31221383e-07 9.13210783e-07 9.41626126e-07 1.08573431e-06
 1.16379044e-06 1.18043818e-06 1.26069313e-06 1.31405682e-06
 1.44046510e-06 1.99624355e-06 2.05691640e-06 2.57154147e-06
 2.63977495e-06 2.85678198e-06 3.87603086e-06 4.06023264e-06
 4.36451046e-06 5.01934619e-06 5.11292319e-06 5.19967625e-06
 6.15080262e-06 7.15099577e-06 7.41753911e-06 7.50086565e-06
 8.01102033e-06 9.86900523e-06 1.06378193e-05 1.08209670e-05
 1.10409464e-05 1.18892822e-05 1.21479779e-05 1.44468413e-05
 1.48422978e-05 1.57419981e-05 1.58335242e-05 1.60692216e-05
 1.73701192e-05 1.84105229e-05 1.98438738e-05 2.10551680e-05
 2.25060194e-05 2.31207432e-05 2.32830425e-05 2.43662016e-05
 2.51846432e-05 2.53868784e-05 2.62011654e-05 2.69639586e-05
 2.77073814e-05 3.17291124e-05 3.46846573e-05 4.19069474e-05
 4.39374198e-05 4.70372834e-05 4.88299884e-05 4.92984291e-05
 5.29099052e-05 5.40953588e-05 5.62195382e-05 6.24348031e-05
 6.25616231e-05 7.44697390e-05 7.48494858e-05 7.83085197e-05
 7.84498407e-05 8.66380651e-05 8.83150497e-05 8.92592143e-05
 9.83879872e-05 1.01905425e-04 1.02848637e-04 1.02918049e-04
 1.03024438e-04 1.07154265e-04 1.12775153e-04 1.17610405e-04
 1.21149264e-04 1.26678919e-04 1.33623413e-04 1.34513655e-04
 1.39876691e-04 1.41209675e-04 1.41480967e-04 1.47798884e-04
 1.52103530e-04 1.56973911e-04 1.58704541e-04 1.62645854e-04
 1.62880460e-04 1.72640168e-04 1.78310831e-04 1.89341226e-04
 1.89971935e-04 1.92674081e-04 1.99712580e-04 1.99923859e-04
 2.04736483e-04 2.05192337e-04 2.13583611e-04 2.22818926e-04
 2.24991294e-04 2.32571751e-04 2.34215477e-04 2.39904912e-04
 2.41733098e-04 2.43821880e-04 2.46509240e-04 2.51257530e-04
 2.57310458e-04 2.79294210e-04 2.91383447e-04 3.05456284e-04
 3.05838475e-04 3.08713177e-04 3.14579200e-04 3.30966199e-04
 3.41537205e-04 3.46854154e-04 3.57817684e-04 3.63895786e-04
 3.66719702e-04 3.81726568e-04 3.99551820e-04 4.15798044e-04
 4.33233945e-04 4.40315431e-04 4.43776837e-04 4.47715051e-04
 4.52066044e-04 4.55000292e-04 4.62875469e-04 4.63969889e-04
 4.88543767e-04 4.90241277e-04 4.91087209e-04 5.02159703e-04
 5.05476724e-04 5.23939205e-04 5.53982449e-04 5.57879393e-04
 5.67811076e-04 6.11865660e-04 6.15983445e-04 6.24464417e-04
 6.30086637e-04 6.35597098e-04 6.40789513e-04 6.58102275e-04
 6.65622531e-04 7.03496044e-04 7.08776875e-04 7.09484681e-04
 7.27837440e-04 7.41016469e-04 7.58938550e-04 8.02560942e-04
 8.15101201e-04 8.36081977e-04 8.54182756e-04 8.67288909e-04
 8.95994366e-04 9.03604960e-04 9.14585835e-04 9.24410415e-04
 9.40059952e-04 9.64324630e-04 9.99224023e-04 1.03951944e-03
 1.07720948e-03 1.08882401e-03 1.10894139e-03 1.11422036e-03
 1.15825364e-03 1.16629165e-03 1.23361056e-03 1.23775203e-03
 1.24953897e-03 1.25782203e-03 1.26120180e-03 1.33089151e-03
 1.34983286e-03 1.35938695e-03 1.40449137e-03 1.41430367e-03
 1.48618768e-03 1.48695009e-03 1.62843952e-03 1.65390153e-03
 1.72346819e-03 1.74665311e-03 1.82382972e-03 1.83926814e-03
 1.84023054e-03 1.84998102e-03 1.99478189e-03 2.00318871e-03
 2.01529940e-03 2.03943648e-03 2.05600867e-03 2.11802707e-03
 2.13028351e-03 2.37985142e-03 2.43117032e-03 2.53523723e-03
 2.55353563e-03 2.89340783e-03 3.03717307e-03 3.18082259e-03
 3.46747786e-03 3.47045623e-03 3.48055991e-03 3.48897371e-03
 3.50509351e-03 3.52492533e-03 3.68732773e-03 3.69772944e-03
 3.75700044e-03 3.89275840e-03 3.89373209e-03 3.94580187e-03
 4.13080491e-03 4.37308243e-03 4.54878248e-03 4.56589600e-03
 4.59238142e-03 4.70132940e-03 4.94396966e-03 4.99538984e-03
 5.02966624e-03 5.16870804e-03 5.25567122e-03 5.59040485e-03
 5.65270195e-03 6.09138329e-03 6.23415038e-03 6.33740192e-03
 6.62612123e-03 6.99582789e-03 7.00502517e-03 7.58559164e-03
 7.69854384e-03 8.56425427e-03 8.97445437e-03 9.00081918e-03
 9.13927145e-03 9.46102384e-03 9.88318957e-03 1.00300778e-02
 1.02538774e-02 1.02936989e-02 1.04844375e-02 1.06402710e-02
 1.07932230e-02 1.08350813e-02 1.11388443e-02 1.12079624e-02
 1.17940260e-02 1.19027644e-02 1.20044407e-02 1.25492187e-02
 1.26924142e-02 1.28886355e-02 1.33892996e-02 1.34914182e-02
 1.42063824e-02 1.42766116e-02 1.44256940e-02 1.48276621e-02
 1.48481363e-02 1.49276396e-02 1.49835460e-02 1.51796993e-02
 1.78207606e-02 1.79075673e-02 1.83771905e-02 1.89940259e-02
 1.93691161e-02 1.95238963e-02 1.96759123e-02 1.96764600e-02
 2.01537218e-02 2.06890218e-02 2.07609627e-02 2.10220143e-02
 2.12625209e-02 2.13327613e-02 2.38517318e-02 2.42937133e-02
 2.44232211e-02 2.51960959e-02 2.65927613e-02 2.67152656e-02
 2.74920724e-02 2.76682526e-02 2.77473032e-02 2.82325111e-02
 2.98975296e-02 3.02630123e-02 3.08322385e-02 3.22141163e-02
 3.27068157e-02 3.30796316e-02 3.33868898e-02 3.47129405e-02
 3.66700254e-02 3.74544561e-02 3.78817581e-02 3.82905155e-02
 3.97451706e-02 4.13162969e-02 4.92842942e-02 5.02243191e-02
 5.03794476e-02 5.09334877e-02 5.09452783e-02 5.70414588e-02
 5.83315305e-02 6.71767443e-02 6.80973008e-02 7.11313933e-02
 7.23848343e-02 7.31853321e-02 7.98310861e-02 8.23202580e-02
 8.49923715e-02 8.57874751e-02 8.60167816e-02 8.90662298e-02
 8.99330154e-02 9.56421793e-02 9.64384675e-02 1.03268750e-01
 1.07446335e-01 1.12361789e-01 1.12545155e-01 1.19078502e-01
 1.19098857e-01 1.21152543e-01 1.21790148e-01 1.22263759e-01
 1.24010377e-01 1.28030077e-01 1.38931245e-01 1.44222304e-01
 1.46918386e-01 1.48891211e-01 1.52845189e-01 1.55012026e-01
 1.55116543e-01 1.60632640e-01 1.61553711e-01 1.61925316e-01
 1.64246976e-01 1.69795007e-01 1.72113493e-01 1.73115611e-01
 1.79849550e-01 1.84611768e-01 1.92854017e-01 1.99651763e-01
 2.08801404e-01 2.12336555e-01 2.12992296e-01 2.17208937e-01
 2.23240241e-01 2.33199254e-01 2.60970592e-01 2.62382954e-01
 2.64908701e-01 2.76337475e-01 2.88794488e-01 3.05504054e-01
 3.05907995e-01 3.18305641e-01 3.27909321e-01 3.41788679e-01
 3.42931837e-01 3.43531698e-01 3.74693245e-01 3.76494497e-01
 3.89472216e-01 4.05946255e-01 4.06074524e-01 4.08855945e-01
 4.24400181e-01 4.48007137e-01 4.61282521e-01 4.67074156e-01
 4.70620811e-01 5.14291584e-01 5.39098144e-01 5.52006483e-01
 5.68731368e-01 5.72354198e-01 5.75991154e-01 5.92257679e-01
 5.95077634e-01 6.65582716e-01 6.68568790e-01 6.72643185e-01
 7.10750759e-01 7.17017531e-01 7.40361154e-01 7.65918255e-01
 7.78574347e-01 7.99511611e-01 8.07404220e-01 8.19219291e-01
 8.33185673e-01 8.68818760e-01 8.71234953e-01 8.87197733e-01
 8.93061042e-01 9.00874794e-01 9.11188424e-01 9.31943834e-01
 9.32509482e-01 9.37347651e-01 9.44314480e-01 9.48624969e-01
 9.50859070e-01 9.54696536e-01 9.64197516e-01 9.64247286e-01
 9.65570927e-01 9.66596186e-01 9.72136855e-01 9.75208163e-01
 9.76507306e-01 9.77801383e-01 9.79099691e-01 9.80462968e-01
 9.81841147e-01 9.82053399e-01 9.82563257e-01 9.85328853e-01
 9.85381961e-01 9.90315735e-01 9.91113365e-01 9.91406798e-01
 9.94149089e-01 9.94164526e-01 9.94321227e-01 9.94835138e-01
 9.96195793e-01 9.96412218e-01 9.97490406e-01 9.97530878e-01
 9.97733712e-01 9.97866213e-01 9.98208642e-01 9.98706222e-01
 9.98914599e-01 9.99042094e-01 9.99181926e-01 9.99253571e-01
 9.99543726e-01 9.99623299e-01 9.99718726e-01 9.99756396e-01]
[0 1 2 3 4 5]
Fold  2
Building model for  ta  dataset
Train on 320 samples, validate on 80 samples
Epoch 1/9
 - 13s - loss: 1.8098 - accuracy: 0.1969 - val_loss: 1.7922 - val_accuracy: 0.2375
Epoch 2/9
 - 9s - loss: 1.7466 - accuracy: 0.2688 - val_loss: 1.7290 - val_accuracy: 0.2625
Epoch 3/9
 - 9s - loss: 1.6397 - accuracy: 0.3250 - val_loss: 1.5020 - val_accuracy: 0.4250
Epoch 4/9
 - 9s - loss: 1.3582 - accuracy: 0.4875 - val_loss: 1.2190 - val_accuracy: 0.5250
Epoch 5/9
 - 9s - loss: 1.1470 - accuracy: 0.5688 - val_loss: 1.1948 - val_accuracy: 0.5750
Epoch 6/9
 - 9s - loss: 0.9073 - accuracy: 0.6906 - val_loss: 0.9646 - val_accuracy: 0.6625
Epoch 7/9
 - 9s - loss: 0.6338 - accuracy: 0.7906 - val_loss: 0.8846 - val_accuracy: 0.6750
Epoch 8/9
 - 10s - loss: 0.4125 - accuracy: 0.8531 - val_loss: 0.8384 - val_accuracy: 0.7500
Epoch 9/9
 - 10s - loss: 0.2619 - accuracy: 0.9281 - val_loss: 0.7392 - val_accuracy: 0.7375
(80, 6)
[1.98995005e-11 3.02297465e-10 9.16680010e-10 1.21341981e-09
 2.88257596e-09 4.22022328e-09 1.01250990e-08 1.18267689e-08
 1.48216328e-08 1.71649521e-08 2.66935025e-08 3.04642107e-08
 6.69571349e-08 7.69884707e-08 9.88057423e-08 1.55216057e-07
 1.89271006e-07 2.39770685e-07 2.40400482e-07 4.06909436e-07
 4.53210873e-07 6.65722212e-07 7.43894645e-07 9.21310857e-07
 9.77445211e-07 1.34371749e-06 1.51791130e-06 1.83698796e-06
 1.93239453e-06 2.33378842e-06 2.71268368e-06 3.13763303e-06
 3.16757178e-06 3.23898462e-06 3.24438565e-06 3.40943416e-06
 3.71246074e-06 3.79831613e-06 3.99030841e-06 4.00224963e-06
 4.53010534e-06 4.57019541e-06 4.58730528e-06 4.92223626e-06
 4.94416599e-06 5.01481600e-06 6.50853372e-06 7.31834143e-06
 7.66717858e-06 8.32131536e-06 8.61479566e-06 8.62673187e-06
 1.05765712e-05 1.22979372e-05 1.30830049e-05 1.32194409e-05
 1.37156358e-05 1.62062206e-05 1.71241063e-05 2.10879443e-05
 2.98634332e-05 3.06807342e-05 3.09863462e-05 3.36256599e-05
 3.41055820e-05 3.99382188e-05 4.85381497e-05 5.13873965e-05
 5.34978753e-05 5.46655647e-05 6.50963484e-05 7.25373611e-05
 7.57996895e-05 7.94635635e-05 8.03538860e-05 8.59734646e-05
 8.68412462e-05 9.56108051e-05 9.76916563e-05 1.01996222e-04
 1.03921957e-04 1.04266910e-04 1.13317321e-04 1.15371069e-04
 1.17410673e-04 1.19366734e-04 1.19491000e-04 1.21470141e-04
 1.30924687e-04 1.31994515e-04 1.32258327e-04 1.32282585e-04
 1.32885558e-04 1.34382455e-04 1.47092433e-04 1.54372465e-04
 1.68988161e-04 1.78504895e-04 2.58082262e-04 2.65922543e-04
 2.80160340e-04 2.81254674e-04 2.82840687e-04 2.90344760e-04
 2.92886980e-04 3.01746360e-04 3.10594012e-04 3.25366884e-04
 3.27615853e-04 3.44679051e-04 3.46338114e-04 3.55198979e-04
 3.74661264e-04 3.86071188e-04 3.89335968e-04 4.10670036e-04
 4.13209287e-04 4.14438487e-04 4.55619389e-04 4.71828360e-04
 4.75037377e-04 4.79391660e-04 5.37541229e-04 5.39853878e-04
 5.59781620e-04 5.74562466e-04 5.96353610e-04 6.05307578e-04
 6.18203834e-04 6.31053292e-04 6.43119332e-04 6.61532162e-04
 6.81307167e-04 6.82576792e-04 6.90449204e-04 7.21012009e-04
 7.31433218e-04 7.68696656e-04 7.78370188e-04 8.01332237e-04
 8.08456389e-04 8.27936223e-04 8.48693249e-04 9.01663036e-04
 9.15473676e-04 9.26113455e-04 9.42664803e-04 9.44814587e-04
 9.52015340e-04 9.60591715e-04 9.64944484e-04 1.07566745e-03
 1.09504256e-03 1.10644242e-03 1.17648998e-03 1.19865185e-03
 1.25836686e-03 1.25888758e-03 1.32188667e-03 1.34016492e-03
 1.37481058e-03 1.39403669e-03 1.40224828e-03 1.41523965e-03
 1.44164159e-03 1.45668874e-03 1.48374808e-03 1.49651838e-03
 1.53328711e-03 1.54766161e-03 1.60482922e-03 1.60852517e-03
 1.87654945e-03 1.90446177e-03 1.92530279e-03 2.10815063e-03
 2.31985911e-03 2.33788881e-03 2.45478004e-03 2.56340113e-03
 2.65322207e-03 2.69433344e-03 3.02065606e-03 3.05944751e-03
 3.24656256e-03 3.37127177e-03 3.44621576e-03 3.48477624e-03
 3.50504671e-03 3.51374317e-03 3.72049073e-03 3.77079076e-03
 3.83033976e-03 3.87519714e-03 3.88133922e-03 3.96014517e-03
 3.97998607e-03 4.08486882e-03 4.16957960e-03 4.23803739e-03
 4.36774921e-03 4.44825040e-03 4.56911651e-03 4.80019907e-03
 4.99586714e-03 5.15111908e-03 5.16089192e-03 5.27618686e-03
 5.30757476e-03 5.37469657e-03 5.46968775e-03 5.55892754e-03
 5.63023658e-03 5.80135453e-03 5.83457248e-03 6.03084592e-03
 6.05695415e-03 6.07793592e-03 6.39485521e-03 6.58744480e-03
 6.64828112e-03 7.04272883e-03 7.13369111e-03 7.21792364e-03
 7.27270590e-03 7.47906091e-03 7.59930070e-03 7.91545026e-03
 7.91555550e-03 8.13106727e-03 8.33314657e-03 8.56126565e-03
 8.83044116e-03 9.08072572e-03 9.28924326e-03 9.54383984e-03
 1.01396982e-02 1.02729797e-02 1.04694590e-02 1.08561423e-02
 1.09958770e-02 1.13140410e-02 1.13990819e-02 1.14013422e-02
 1.15418825e-02 1.20921740e-02 1.24411946e-02 1.26719316e-02
 1.35564283e-02 1.38593866e-02 1.42685585e-02 1.45628573e-02
 1.49164116e-02 1.52810328e-02 1.53657114e-02 1.57902297e-02
 1.60813984e-02 1.63614545e-02 1.68062896e-02 1.94635037e-02
 1.98421739e-02 2.00094096e-02 2.01239642e-02 2.03542430e-02
 2.11300161e-02 2.14163307e-02 2.15062760e-02 2.21901443e-02
 2.22443528e-02 2.31025591e-02 2.33630352e-02 2.48460695e-02
 2.51206160e-02 2.55999397e-02 2.61652134e-02 2.66903974e-02
 2.68531926e-02 2.75736973e-02 2.77867261e-02 2.81084981e-02
 2.88391281e-02 2.91413348e-02 2.98488792e-02 3.00545208e-02
 3.15045640e-02 3.16338576e-02 3.34873088e-02 3.71669903e-02
 3.73292826e-02 3.75780277e-02 3.80191356e-02 4.03953381e-02
 4.08658050e-02 4.20332067e-02 4.22106013e-02 4.28363718e-02
 4.28400189e-02 4.29682359e-02 4.40362245e-02 4.48026061e-02
 4.48490120e-02 4.69963700e-02 4.75543030e-02 4.77014333e-02
 5.18005267e-02 5.36369309e-02 5.42784892e-02 5.43406010e-02
 5.67705557e-02 5.69720194e-02 5.70891500e-02 5.77335991e-02
 5.79212941e-02 5.81619516e-02 5.82553558e-02 5.94409928e-02
 5.97863309e-02 6.16194457e-02 6.23721629e-02 6.25878423e-02
 6.34047836e-02 6.49503618e-02 6.52007088e-02 6.59182146e-02
 6.75430000e-02 6.85538054e-02 7.35459477e-02 7.66334236e-02
 7.78181925e-02 7.88660049e-02 7.98742324e-02 8.03781152e-02
 8.10414329e-02 8.13152790e-02 8.25372115e-02 8.34259167e-02
 8.39615911e-02 8.42286274e-02 8.81702378e-02 8.81705433e-02
 8.99206325e-02 9.21129361e-02 9.25850272e-02 9.66977105e-02
 9.80219916e-02 1.01098292e-01 1.01734571e-01 1.04411736e-01
 1.04787573e-01 1.05018698e-01 1.05392382e-01 1.06614515e-01
 1.12259924e-01 1.12513840e-01 1.12977758e-01 1.13190204e-01
 1.13208465e-01 1.18858024e-01 1.23195529e-01 1.23269625e-01
 1.25130311e-01 1.26965478e-01 1.28986210e-01 1.29238024e-01
 1.39947236e-01 1.41422838e-01 1.45692885e-01 1.55210719e-01
 1.59577459e-01 1.68064654e-01 1.73559412e-01 1.74102530e-01
 1.76149815e-01 1.82153165e-01 1.94372609e-01 1.95105836e-01
 1.96566120e-01 1.99169144e-01 2.01176330e-01 2.05269992e-01
 2.05341876e-01 2.07533047e-01 2.19530195e-01 2.33195826e-01
 2.35916182e-01 2.36269340e-01 2.40062743e-01 2.59205252e-01
 2.65477121e-01 2.66874522e-01 2.73091018e-01 3.04060251e-01
 3.06809783e-01 3.13536495e-01 3.19820315e-01 3.29946548e-01
 3.36573452e-01 3.44278514e-01 3.47367167e-01 3.65300745e-01
 4.09703881e-01 4.10935044e-01 4.40390021e-01 4.52141643e-01
 4.55097556e-01 4.58190829e-01 4.64628190e-01 4.90210116e-01
 5.11203945e-01 5.13772309e-01 5.60996234e-01 5.62489390e-01
 5.79739213e-01 5.85421026e-01 5.98345160e-01 6.05393112e-01
 6.10697448e-01 6.30253017e-01 6.31969571e-01 6.35915101e-01
 6.40210927e-01 6.47726178e-01 6.54217005e-01 6.59872770e-01
 6.63375616e-01 6.78350925e-01 6.87479377e-01 7.17651904e-01
 7.28439212e-01 7.42602110e-01 7.48282075e-01 7.53496349e-01
 7.63021052e-01 7.97762156e-01 8.22237253e-01 8.22751105e-01
 8.49386871e-01 8.50364149e-01 8.58981013e-01 8.59784782e-01
 8.67154717e-01 8.75873208e-01 8.87190461e-01 9.04101908e-01
 9.08434331e-01 9.16589558e-01 9.20878768e-01 9.27553475e-01
 9.35404897e-01 9.51893926e-01 9.54776525e-01 9.65496123e-01
 9.67880785e-01 9.72579718e-01 9.78457749e-01 9.84433949e-01
 9.88144100e-01 9.88383710e-01 9.89300013e-01 9.89996910e-01
 9.91503716e-01 9.92430866e-01 9.93241966e-01 9.93912756e-01
 9.94102418e-01 9.94334102e-01 9.95092034e-01 9.96774971e-01
 9.97536063e-01 9.97539163e-01 9.98325646e-01 9.98425841e-01
 9.98503804e-01 9.99170184e-01 9.99286234e-01 9.99334514e-01
 9.99538064e-01 9.99692678e-01 9.99787390e-01 9.99929190e-01]
[0 1 2 3 4 5]
Fold  3
Building model for  ta  dataset
Train on 320 samples, validate on 80 samples
Epoch 1/9
 - 12s - loss: 1.8125 - accuracy: 0.2344 - val_loss: 1.6969 - val_accuracy: 0.2875
Epoch 2/9
 - 8s - loss: 1.6239 - accuracy: 0.3250 - val_loss: 1.4846 - val_accuracy: 0.4250
Epoch 3/9
 - 8s - loss: 1.3519 - accuracy: 0.4469 - val_loss: 1.2371 - val_accuracy: 0.5000
Epoch 4/9
 - 9s - loss: 1.1205 - accuracy: 0.5625 - val_loss: 1.0474 - val_accuracy: 0.5750
Epoch 5/9
 - 9s - loss: 0.8915 - accuracy: 0.6531 - val_loss: 0.9493 - val_accuracy: 0.6750
Epoch 6/9
 - 9s - loss: 0.7186 - accuracy: 0.7312 - val_loss: 0.8726 - val_accuracy: 0.7000
Epoch 7/9
 - 9s - loss: 0.4110 - accuracy: 0.8781 - val_loss: 0.7954 - val_accuracy: 0.7250
Epoch 8/9
 - 10s - loss: 0.2778 - accuracy: 0.9062 - val_loss: 0.6993 - val_accuracy: 0.7500
Epoch 9/9
 - 10s - loss: 0.2458 - accuracy: 0.9219 - val_loss: 0.6833 - val_accuracy: 0.8125
(80, 6)
[8.88927265e-11 6.73975431e-10 8.22214630e-10 1.05373876e-09
 1.27735988e-09 2.25788543e-09 2.85235191e-09 3.09701798e-09
 3.50328611e-09 4.09325862e-09 1.00935136e-08 1.03711759e-08
 1.04591082e-08 1.49139190e-08 2.57242903e-08 3.75761182e-08
 3.92514217e-08 5.72111283e-08 6.34651656e-08 7.13887758e-08
 7.20283921e-08 8.51879207e-08 1.49583670e-07 1.72938670e-07
 1.77696961e-07 2.48487225e-07 2.72495214e-07 3.17306160e-07
 4.18548126e-07 5.19580681e-07 5.65036771e-07 8.58127805e-07
 8.90105582e-07 1.25221243e-06 1.26553505e-06 1.47584672e-06
 1.65248468e-06 1.68620295e-06 1.74694571e-06 1.76105573e-06
 1.90687740e-06 2.20515290e-06 2.61617652e-06 2.89088302e-06
 3.07422488e-06 3.22426217e-06 3.28696296e-06 3.80065580e-06
 4.25487178e-06 4.33938476e-06 4.74807166e-06 4.92624395e-06
 4.95204085e-06 5.71588862e-06 5.71713781e-06 6.35185870e-06
 7.10390668e-06 7.80792288e-06 8.77434013e-06 9.52778646e-06
 9.54235475e-06 9.70948531e-06 1.05903237e-05 1.44654905e-05
 1.48622930e-05 1.66971495e-05 2.34409617e-05 2.38639132e-05
 2.52789869e-05 2.55273408e-05 2.66457773e-05 2.72684956e-05
 3.07947521e-05 3.12110642e-05 3.16380429e-05 3.17065933e-05
 3.21033258e-05 3.41826017e-05 4.70430678e-05 4.94681408e-05
 4.99039743e-05 6.04009583e-05 6.24847016e-05 6.25993562e-05
 6.37601479e-05 6.93847178e-05 6.98455187e-05 7.05334460e-05
 7.79946931e-05 8.09207704e-05 8.18348271e-05 9.23970438e-05
 9.46913860e-05 9.46973669e-05 9.61535115e-05 9.90809203e-05
 1.00245205e-04 1.01973877e-04 1.10330722e-04 1.26572733e-04
 1.26871542e-04 1.27320644e-04 1.29089734e-04 1.30495726e-04
 1.39247713e-04 1.89671016e-04 1.90571154e-04 2.00332492e-04
 2.04043710e-04 2.15743712e-04 2.19073598e-04 2.19144931e-04
 2.20135116e-04 2.35393047e-04 2.41079368e-04 2.57638807e-04
 2.59031716e-04 2.63317401e-04 2.64977280e-04 2.85076676e-04
 2.91409058e-04 2.96236423e-04 3.03765468e-04 3.06283095e-04
 3.18394304e-04 3.32269236e-04 3.32590862e-04 3.62818828e-04
 3.74232855e-04 3.99813871e-04 4.24950296e-04 4.30639426e-04
 4.46129445e-04 4.51294560e-04 4.78349597e-04 5.73356054e-04
 5.76229533e-04 6.02106855e-04 6.10337593e-04 6.52649789e-04
 6.62607315e-04 6.78911165e-04 6.89714099e-04 7.45154684e-04
 7.47525017e-04 7.50640349e-04 7.65555422e-04 7.82654679e-04
 8.03508214e-04 8.39548768e-04 8.51780118e-04 8.65282898e-04
 8.74711492e-04 9.08698596e-04 9.29136353e-04 9.33121832e-04
 9.69035726e-04 9.83957783e-04 1.00189110e-03 1.01527409e-03
 1.03136559e-03 1.03782862e-03 1.06609229e-03 1.07849611e-03
 1.19501923e-03 1.40447624e-03 1.44025194e-03 1.44189841e-03
 1.50038057e-03 1.52058329e-03 1.53531192e-03 1.54477998e-03
 1.65441213e-03 1.71225891e-03 1.74616952e-03 1.78617181e-03
 1.83778210e-03 1.86947465e-03 1.87346258e-03 1.88909459e-03
 1.88915059e-03 1.98171777e-03 2.18599290e-03 2.25453917e-03
 2.32236460e-03 2.35272525e-03 2.39257305e-03 2.40227673e-03
 2.51783151e-03 2.52875336e-03 2.80631636e-03 2.82748858e-03
 2.87386752e-03 2.88606458e-03 2.96071102e-03 3.05656856e-03
 3.08351987e-03 3.08601884e-03 3.28848045e-03 3.30965733e-03
 3.31089902e-03 3.38691310e-03 3.40255676e-03 3.49204382e-03
 3.68183781e-03 3.80485179e-03 3.81458225e-03 4.00762260e-03
 4.02806327e-03 4.19905316e-03 4.53681033e-03 4.55405563e-03
 4.59169596e-03 4.63580526e-03 4.72434284e-03 4.82382439e-03
 4.90369555e-03 5.13495505e-03 5.21298312e-03 5.24256844e-03
 5.25914878e-03 5.28675131e-03 5.29422285e-03 5.68373781e-03
 5.83846634e-03 5.84400026e-03 6.19554659e-03 6.36336859e-03
 6.58389926e-03 6.64634816e-03 6.74119359e-03 6.87023718e-03
 6.91989344e-03 7.04754703e-03 7.19546014e-03 7.25749740e-03
 7.38126738e-03 7.49390014e-03 7.76844751e-03 8.22201930e-03
 8.30107927e-03 8.40818882e-03 8.45905580e-03 8.49109702e-03
 8.50533415e-03 8.60195979e-03 8.69590882e-03 8.80731363e-03
 9.23552364e-03 9.35853925e-03 9.92855243e-03 1.00982012e-02
 1.01262769e-02 1.02647971e-02 1.15811331e-02 1.16920881e-02
 1.17324227e-02 1.23222955e-02 1.25295715e-02 1.27174929e-02
 1.27307801e-02 1.30269900e-02 1.31583260e-02 1.42077338e-02
 1.42483544e-02 1.45220561e-02 1.55537641e-02 1.59679260e-02
 1.61832813e-02 1.62014253e-02 1.62990931e-02 1.65504627e-02
 1.67292599e-02 1.69277955e-02 1.69412717e-02 1.73110664e-02
 1.73827913e-02 1.78632811e-02 1.81465633e-02 1.89063046e-02
 1.95278507e-02 1.95401348e-02 1.95563082e-02 1.98076013e-02
 2.06060298e-02 2.15946771e-02 2.17029229e-02 2.28882469e-02
 2.36763824e-02 2.51605734e-02 2.53747571e-02 2.63357311e-02
 2.66527124e-02 2.66871788e-02 2.67389119e-02 2.69602891e-02
 2.71298978e-02 2.73461789e-02 2.74356492e-02 2.75783893e-02
 2.84740347e-02 2.92226300e-02 2.98883878e-02 3.01762037e-02
 3.21209803e-02 3.30903977e-02 3.31846960e-02 3.43666561e-02
 3.46141048e-02 3.46895978e-02 3.49530131e-02 3.55472118e-02
 3.60757932e-02 3.82034630e-02 4.19150256e-02 4.27797772e-02
 4.39426862e-02 4.47662808e-02 4.49746698e-02 4.59668897e-02
 4.69916575e-02 4.78790700e-02 4.80009317e-02 5.17824329e-02
 5.23336902e-02 5.68613671e-02 5.75254783e-02 5.87119348e-02
 5.91206551e-02 6.47715330e-02 6.50980398e-02 6.57600686e-02
 6.72452301e-02 6.84848502e-02 7.17859715e-02 7.44280294e-02
 7.56312013e-02 7.59897977e-02 7.65149742e-02 7.92687759e-02
 7.93534443e-02 8.02074373e-02 8.31052661e-02 8.89504030e-02
 8.97890553e-02 9.29850414e-02 9.33930352e-02 9.44489315e-02
 9.50558782e-02 9.55643579e-02 9.64205116e-02 9.92320329e-02
 1.00228682e-01 1.02714069e-01 1.08160950e-01 1.09835081e-01
 1.11463696e-01 1.14618599e-01 1.17223024e-01 1.17926165e-01
 1.17992207e-01 1.21517099e-01 1.24498673e-01 1.25108957e-01
 1.25582129e-01 1.38860807e-01 1.43692687e-01 1.59408092e-01
 1.59667909e-01 1.65653154e-01 1.69541880e-01 1.80123091e-01
 1.81842297e-01 1.87478870e-01 1.87963858e-01 1.90919504e-01
 2.17005521e-01 2.22085491e-01 2.23739684e-01 2.41147250e-01
 2.42001042e-01 2.45239317e-01 2.69096762e-01 2.69749969e-01
 2.72603422e-01 2.73143232e-01 2.82305807e-01 2.82894909e-01
 2.99326718e-01 3.04989845e-01 3.17088664e-01 3.21544856e-01
 3.25323105e-01 3.39074314e-01 3.42273951e-01 3.45150769e-01
 3.53256971e-01 3.70791942e-01 3.84694606e-01 3.88415217e-01
 4.15925354e-01 4.24174011e-01 4.42464024e-01 4.61472839e-01
 4.69263315e-01 4.69628721e-01 4.71019268e-01 4.73757118e-01
 4.78041291e-01 4.82860416e-01 4.84306902e-01 5.05451441e-01
 5.05708396e-01 5.20426869e-01 5.55514991e-01 5.60444653e-01
 5.64408600e-01 5.72394013e-01 5.73471546e-01 5.80713034e-01
 6.70828164e-01 6.72373295e-01 6.79987609e-01 6.99687362e-01
 7.72587180e-01 7.73071945e-01 7.79959857e-01 7.94632077e-01
 8.11140418e-01 8.15425098e-01 8.22737217e-01 8.25579107e-01
 8.29620302e-01 8.33186269e-01 8.40107143e-01 8.50224674e-01
 8.55287373e-01 8.57928455e-01 9.02103424e-01 9.02184308e-01
 9.02671874e-01 9.06372607e-01 9.21664536e-01 9.38781500e-01
 9.41075444e-01 9.48164344e-01 9.55960751e-01 9.57119644e-01
 9.61960256e-01 9.63841915e-01 9.68374968e-01 9.73320007e-01
 9.73558128e-01 9.78032112e-01 9.78706539e-01 9.80959892e-01
 9.82951820e-01 9.83442128e-01 9.84450161e-01 9.84867275e-01
 9.87836897e-01 9.88554895e-01 9.88583446e-01 9.89929736e-01
 9.91092026e-01 9.92471814e-01 9.92694974e-01 9.93941963e-01
 9.95760977e-01 9.96367931e-01 9.97024000e-01 9.97025549e-01
 9.97584343e-01 9.98549163e-01 9.98799920e-01 9.99039173e-01
 9.99101877e-01 9.99678969e-01 9.99689460e-01 9.99944806e-01]
[0 1 2 3 4 5]
Fold  4
Building model for  ta  dataset
Train on 320 samples, validate on 80 samples
Epoch 1/9
 - 11s - loss: 1.8127 - accuracy: 0.2062 - val_loss: 1.7390 - val_accuracy: 0.2500
Epoch 2/9
 - 8s - loss: 1.7000 - accuracy: 0.2594 - val_loss: 1.6257 - val_accuracy: 0.2875
Epoch 3/9
 - 9s - loss: 1.5443 - accuracy: 0.3250 - val_loss: 1.4164 - val_accuracy: 0.5125
Epoch 4/9
 - 9s - loss: 1.3098 - accuracy: 0.4750 - val_loss: 1.1054 - val_accuracy: 0.5625
Epoch 5/9
 - 9s - loss: 1.0404 - accuracy: 0.5594 - val_loss: 0.9110 - val_accuracy: 0.6000
Epoch 6/9
 - 9s - loss: 0.8308 - accuracy: 0.6687 - val_loss: 0.7878 - val_accuracy: 0.6750
Epoch 7/9
 - 9s - loss: 0.5684 - accuracy: 0.7688 - val_loss: 0.7555 - val_accuracy: 0.7125
Epoch 8/9
 - 9s - loss: 0.4013 - accuracy: 0.8625 - val_loss: 0.6688 - val_accuracy: 0.7750
Epoch 9/9
 - 9s - loss: 0.2974 - accuracy: 0.9094 - val_loss: 0.6132 - val_accuracy: 0.7875
(80, 6)
[4.43619808e-10 4.13135037e-09 4.15473345e-09 5.74651748e-09
 5.95669603e-09 1.02965441e-08 2.23097327e-08 2.28554260e-08
 2.57752166e-08 2.65558633e-08 3.66829340e-08 3.92096382e-08
 4.24621085e-08 6.29247907e-08 6.62454767e-08 7.43044453e-08
 7.64406707e-08 8.21179569e-08 1.01222199e-07 1.08847182e-07
 1.10438720e-07 1.23555793e-07 1.34867420e-07 2.03063465e-07
 2.04850608e-07 4.22786485e-07 4.36892861e-07 5.53540417e-07
 5.64486356e-07 7.35091078e-07 7.47255569e-07 8.31482737e-07
 1.01093588e-06 1.04885203e-06 1.11613213e-06 1.19017284e-06
 1.27493502e-06 1.43068144e-06 1.52644998e-06 1.56193880e-06
 1.59818467e-06 1.60466277e-06 2.22321887e-06 2.37420386e-06
 3.99633245e-06 4.23828396e-06 4.31813578e-06 4.48618675e-06
 5.61534489e-06 5.75978038e-06 6.61330887e-06 7.07592517e-06
 7.14087128e-06 7.28669011e-06 8.06495973e-06 8.22754464e-06
 8.38024880e-06 8.58568001e-06 9.81744233e-06 1.02363229e-05
 1.04074406e-05 1.07873275e-05 1.14787090e-05 1.15078428e-05
 1.15369321e-05 1.16106949e-05 1.16815518e-05 1.24645112e-05
 1.25519400e-05 1.28024067e-05 1.34992506e-05 1.39845224e-05
 1.44425985e-05 1.47884293e-05 1.51981467e-05 1.52050252e-05
 1.54041063e-05 1.59632291e-05 1.62145807e-05 1.97640147e-05
 2.00364702e-05 2.06260975e-05 2.12090763e-05 2.25366530e-05
 2.51790625e-05 2.62998619e-05 2.66592851e-05 3.04415553e-05
 3.05524954e-05 3.51873750e-05 3.58144898e-05 3.58584039e-05
 4.42123674e-05 4.57720416e-05 4.58182003e-05 4.76667337e-05
 4.89965823e-05 4.95012137e-05 5.01619179e-05 5.15145184e-05
 5.42440903e-05 5.55520564e-05 5.78000509e-05 6.13455049e-05
 6.41747611e-05 6.66519554e-05 6.81352976e-05 7.03558981e-05
 8.65883558e-05 9.11467796e-05 1.00022291e-04 1.01679419e-04
 1.04713872e-04 1.08697939e-04 1.09430846e-04 1.09860506e-04
 1.17123222e-04 1.27744919e-04 1.30748653e-04 1.35844268e-04
 1.48495295e-04 1.48858453e-04 1.52444569e-04 1.52471635e-04
 1.53262401e-04 1.57185612e-04 1.60985917e-04 1.70560539e-04
 1.71175066e-04 1.77368333e-04 1.97475543e-04 2.00600800e-04
 2.04363314e-04 2.14722328e-04 2.23031529e-04 2.34507257e-04
 2.41235757e-04 2.42076116e-04 2.42519309e-04 2.42629074e-04
 2.57807202e-04 2.61728273e-04 2.67350319e-04 2.80288456e-04
 2.86131311e-04 3.07494338e-04 3.11150099e-04 3.14749952e-04
 3.28960799e-04 3.42402171e-04 3.55272641e-04 3.66638007e-04
 4.23110032e-04 4.39655385e-04 4.73154156e-04 4.81509953e-04
 4.89274913e-04 5.05612115e-04 5.25698473e-04 5.26095915e-04
 5.27613738e-04 5.37138840e-04 5.66301402e-04 6.34692609e-04
 6.35438715e-04 7.11043656e-04 7.23465346e-04 7.83294439e-04
 8.71997327e-04 9.03216540e-04 9.09373513e-04 9.64578183e-04
 1.01186836e-03 1.01615803e-03 1.05064840e-03 1.07248325e-03
 1.07825140e-03 1.07905176e-03 1.07942789e-03 1.15620322e-03
 1.18090934e-03 1.19576487e-03 1.28743297e-03 1.34907581e-03
 1.42481353e-03 1.46204082e-03 1.46556809e-03 1.57022115e-03
 1.58824434e-03 1.61741348e-03 1.68670027e-03 1.73077569e-03
 1.77634915e-03 1.87326851e-03 2.16510799e-03 2.20799213e-03
 2.21657939e-03 2.24333000e-03 2.28627399e-03 2.28667632e-03
 2.33699055e-03 2.34747212e-03 2.35412130e-03 2.42228038e-03
 2.47116107e-03 2.51717865e-03 2.52676755e-03 2.72792485e-03
 2.74611916e-03 3.29427933e-03 3.41942348e-03 3.44063086e-03
 3.50986910e-03 3.51451337e-03 3.99476150e-03 4.01096279e-03
 4.08514822e-03 4.22921358e-03 4.31281934e-03 4.33263136e-03
 4.39452613e-03 4.51869331e-03 4.68682824e-03 4.73678950e-03
 4.80040908e-03 4.81009530e-03 4.81411070e-03 5.47127007e-03
 5.48408460e-03 5.80653548e-03 6.02603657e-03 6.16115145e-03
 6.19118754e-03 6.19647931e-03 6.55945344e-03 6.92356471e-03
 7.22194323e-03 7.45016523e-03 7.49455532e-03 7.51899602e-03
 8.00958835e-03 8.01463611e-03 8.08716100e-03 8.29266664e-03
 8.32256954e-03 8.33648071e-03 8.52980837e-03 8.54162872e-03
 8.62007868e-03 8.81799217e-03 9.26204026e-03 9.32542793e-03
 9.50173568e-03 9.59538575e-03 9.74406954e-03 1.03157116e-02
 1.03398599e-02 1.08785210e-02 1.09184403e-02 1.09807020e-02
 1.12461848e-02 1.12567954e-02 1.19555583e-02 1.22361798e-02
 1.23337815e-02 1.27516594e-02 1.34219425e-02 1.35473646e-02
 1.37545886e-02 1.39520857e-02 1.41708236e-02 1.45836258e-02
 1.50169618e-02 1.54374279e-02 1.54446512e-02 1.55921252e-02
 1.56776402e-02 1.58079751e-02 1.71428993e-02 1.72744021e-02
 1.75407287e-02 1.80520508e-02 1.86868887e-02 1.90505087e-02
 1.96572989e-02 1.99801102e-02 2.00156383e-02 2.00875588e-02
 2.04207692e-02 2.07432266e-02 2.12512854e-02 2.12632213e-02
 2.20056716e-02 2.26336289e-02 2.57170200e-02 2.60847397e-02
 2.65124533e-02 2.66278796e-02 2.73976568e-02 2.75781527e-02
 2.77934670e-02 2.84897964e-02 2.85603367e-02 2.89466213e-02
 2.92595271e-02 2.96612438e-02 3.13751623e-02 3.18119302e-02
 3.34410630e-02 3.39086391e-02 3.50834839e-02 3.53266895e-02
 3.58364396e-02 3.62086818e-02 3.65727209e-02 3.79712842e-02
 3.88922803e-02 3.93736809e-02 4.20339033e-02 4.31156717e-02
 4.31447551e-02 4.45824079e-02 4.52767909e-02 4.58197258e-02
 4.69774306e-02 4.81193215e-02 5.17913960e-02 5.26811741e-02
 5.40155731e-02 5.51896058e-02 5.56536950e-02 5.74699268e-02
 6.06770702e-02 6.36993721e-02 6.71890303e-02 6.86715245e-02
 7.07610026e-02 7.23332614e-02 7.24308491e-02 7.64293671e-02
 7.65740350e-02 7.74147213e-02 7.80353099e-02 7.82198310e-02
 8.38963464e-02 8.39702785e-02 8.58453065e-02 8.73107463e-02
 8.85029212e-02 8.91328901e-02 9.47143361e-02 9.69347134e-02
 9.79523063e-02 1.00857869e-01 1.04882933e-01 1.06054969e-01
 1.08348429e-01 1.10077903e-01 1.11258477e-01 1.17492065e-01
 1.21247359e-01 1.28112957e-01 1.28271118e-01 1.28546372e-01
 1.30204335e-01 1.37502879e-01 1.39508784e-01 1.40117899e-01
 1.50600731e-01 1.52882159e-01 1.56884342e-01 1.58084825e-01
 1.61507577e-01 1.67393550e-01 1.70256883e-01 1.70803383e-01
 1.74920425e-01 1.84671924e-01 1.96266755e-01 1.96378008e-01
 2.07208738e-01 2.10233092e-01 2.10571662e-01 2.18691185e-01
 2.28159308e-01 2.31373683e-01 2.44186863e-01 2.54662991e-01
 2.63502568e-01 2.85572648e-01 2.96259522e-01 2.99721956e-01
 3.05910438e-01 3.12982470e-01 3.16579849e-01 3.28633785e-01
 3.39550763e-01 3.44982207e-01 3.50933433e-01 3.53182107e-01
 3.92749459e-01 3.95247459e-01 3.97471339e-01 4.05842692e-01
 4.22336966e-01 4.28202182e-01 4.43556756e-01 4.88321245e-01
 4.91126418e-01 5.18890858e-01 5.31458020e-01 5.52373052e-01
 5.54680228e-01 5.78334332e-01 6.14187419e-01 6.19447649e-01
 6.24177098e-01 6.40135169e-01 6.58510864e-01 6.61150217e-01
 7.01899409e-01 7.11092114e-01 7.17119694e-01 7.27889359e-01
 7.55788326e-01 7.77553499e-01 7.89461017e-01 8.13808024e-01
 8.19764018e-01 8.29064965e-01 8.44398558e-01 8.52416217e-01
 8.80459189e-01 8.81937087e-01 8.85248005e-01 8.94587159e-01
 9.01262522e-01 9.08290923e-01 9.21525657e-01 9.43102300e-01
 9.44593191e-01 9.46655095e-01 9.48828280e-01 9.53823864e-01
 9.54693913e-01 9.59179521e-01 9.62474823e-01 9.68365133e-01
 9.73158658e-01 9.79443252e-01 9.81093705e-01 9.81922865e-01
 9.84943628e-01 9.86406028e-01 9.86443758e-01 9.87434804e-01
 9.90225852e-01 9.92776513e-01 9.94542956e-01 9.94807661e-01
 9.97224212e-01 9.97422814e-01 9.97928977e-01 9.98545885e-01
 9.98925626e-01 9.99175012e-01 9.99348462e-01 9.99447763e-01
 9.99497056e-01 9.99570429e-01 9.99599278e-01 9.99655962e-01
 9.99788582e-01 9.99833107e-01 9.99928832e-01 9.99948382e-01
 9.99964237e-01 9.99970913e-01 9.99983788e-01 9.99991775e-01]
[0 1 2 3 4 5]
Fold  5
Building model for  ta  dataset
Train on 320 samples, validate on 80 samples
Epoch 1/9
 - 10s - loss: 1.8191 - accuracy: 0.2062 - val_loss: 1.7451 - val_accuracy: 0.2625
Epoch 2/9
 - 8s - loss: 1.7381 - accuracy: 0.2625 - val_loss: 1.7124 - val_accuracy: 0.3625
Epoch 3/9
 - 9s - loss: 1.6445 - accuracy: 0.3656 - val_loss: 1.4879 - val_accuracy: 0.4375
Epoch 4/9
 - 9s - loss: 1.3852 - accuracy: 0.4563 - val_loss: 1.2830 - val_accuracy: 0.5500
Epoch 5/9
 - 9s - loss: 1.2420 - accuracy: 0.5188 - val_loss: 1.1835 - val_accuracy: 0.5625
Epoch 6/9
 - 9s - loss: 1.0076 - accuracy: 0.6375 - val_loss: 1.1742 - val_accuracy: 0.5000
Epoch 7/9
 - 9s - loss: 0.7145 - accuracy: 0.7312 - val_loss: 0.8679 - val_accuracy: 0.6375
Epoch 8/9
 - 9s - loss: 0.4986 - accuracy: 0.8313 - val_loss: 0.7176 - val_accuracy: 0.7375
Epoch 9/9
 - 9s - loss: 0.3761 - accuracy: 0.8750 - val_loss: 0.6228 - val_accuracy: 0.8125
(80, 6)
[1.13131983e-10 1.23093674e-10 3.69357600e-10 6.84882151e-10
 3.80911702e-09 4.21470858e-09 1.06160236e-08 1.54832449e-08
 1.58699009e-08 2.90764124e-08 2.91557836e-08 3.75357025e-08
 5.06377127e-08 5.18297867e-08 7.17143251e-08 8.00093360e-08
 2.04944115e-07 2.13506723e-07 2.85591824e-07 2.95937156e-07
 3.10253910e-07 3.27838137e-07 4.08585748e-07 4.16371336e-07
 5.59325144e-07 7.81564722e-07 1.73022943e-06 2.22450990e-06
 2.62068261e-06 3.45635272e-06 3.90911873e-06 4.58599243e-06
 4.59521607e-06 5.17227681e-06 5.41712643e-06 5.64322636e-06
 5.81064660e-06 6.30668274e-06 6.62379625e-06 7.18088813e-06
 7.41000895e-06 8.19279830e-06 8.57104442e-06 9.71728696e-06
 1.00444186e-05 1.00976113e-05 1.33076273e-05 1.34894544e-05
 1.39488056e-05 1.39929789e-05 1.56362421e-05 1.64030662e-05
 1.88309805e-05 1.96556502e-05 2.07552821e-05 2.13133553e-05
 2.65557519e-05 2.85642600e-05 2.86909308e-05 2.96202707e-05
 3.87767250e-05 3.95485440e-05 4.26706720e-05 4.96176654e-05
 6.72172464e-05 7.31003893e-05 9.48736852e-05 9.97432435e-05
 1.03137128e-04 1.03862483e-04 1.04214771e-04 1.33642170e-04
 1.34299044e-04 1.43116500e-04 1.45116457e-04 1.63149074e-04
 1.67300299e-04 1.77640657e-04 1.81463445e-04 1.95925415e-04
 3.01716878e-04 4.09549015e-04 4.21005447e-04 4.22766956e-04
 4.31314285e-04 4.54079622e-04 4.74316039e-04 4.87588288e-04
 5.25910000e-04 5.82067354e-04 5.96178696e-04 6.01586304e-04
 6.09275186e-04 6.53705210e-04 6.81016478e-04 6.82154321e-04
 7.15938164e-04 7.36653339e-04 7.61224714e-04 7.72386324e-04
 7.83780997e-04 7.88263860e-04 8.46187526e-04 8.47349584e-04
 8.66241229e-04 8.99575301e-04 9.36235301e-04 1.07362319e-03
 1.10896793e-03 1.18090049e-03 1.31129904e-03 1.33608677e-03
 1.38882792e-03 1.39492354e-03 1.42012746e-03 1.42059650e-03
 1.42066844e-03 1.43944507e-03 1.44882011e-03 1.49592862e-03
 1.52043044e-03 1.52607495e-03 1.53761974e-03 1.56101200e-03
 1.63318904e-03 1.64328504e-03 1.64641521e-03 1.64935424e-03
 1.67306932e-03 1.70202926e-03 1.71121745e-03 1.78527727e-03
 1.80177344e-03 1.85417768e-03 1.90234138e-03 1.92433933e-03
 2.02698633e-03 2.05717515e-03 2.07162974e-03 2.12730118e-03
 2.21573212e-03 2.24944577e-03 2.32482655e-03 2.32696580e-03
 2.35544657e-03 2.48423941e-03 2.58503132e-03 2.62754993e-03
 2.64766999e-03 2.66185007e-03 2.67160730e-03 2.77306233e-03
 2.82163499e-03 2.83128791e-03 2.96672434e-03 2.98555940e-03
 3.07115749e-03 3.17620207e-03 3.26788845e-03 3.44260829e-03
 3.57138459e-03 3.61552113e-03 3.61625291e-03 3.66100552e-03
 3.68246320e-03 3.73858330e-03 4.00395412e-03 4.01756540e-03
 4.04672138e-03 4.13505826e-03 4.37460700e-03 4.58142813e-03
 4.58819466e-03 4.67534922e-03 4.68034018e-03 4.77881590e-03
 4.86525521e-03 4.87100938e-03 5.14741195e-03 5.25887124e-03
 5.62988035e-03 5.71074616e-03 5.74725354e-03 5.86526701e-03
 6.21264661e-03 6.39435835e-03 6.51944708e-03 6.52553886e-03
 6.83259545e-03 6.89078961e-03 6.90199435e-03 6.95785321e-03
 7.59025943e-03 7.68626062e-03 7.94601627e-03 8.03641789e-03
 8.05158634e-03 8.50304030e-03 8.86198133e-03 8.92614853e-03
 9.00830701e-03 9.04641207e-03 9.06152744e-03 9.27058514e-03
 9.62396618e-03 1.01428004e-02 1.05657307e-02 1.08685791e-02
 1.13110170e-02 1.19282575e-02 1.19597698e-02 1.21335071e-02
 1.24371415e-02 1.25211114e-02 1.26505485e-02 1.41305784e-02
 1.44891804e-02 1.53919766e-02 1.54174482e-02 1.61664449e-02
 1.62223317e-02 1.62504259e-02 1.66623760e-02 1.70350373e-02
 1.76486447e-02 1.79666281e-02 1.83831211e-02 1.84044652e-02
 1.91106983e-02 1.94910336e-02 1.99110806e-02 2.09706351e-02
 2.11565383e-02 2.14554239e-02 2.27899700e-02 2.28510294e-02
 2.33244039e-02 2.34923363e-02 2.36810017e-02 2.37635374e-02
 2.40254421e-02 2.40860693e-02 2.47153360e-02 2.50279047e-02
 2.54925583e-02 2.55491491e-02 2.55907569e-02 2.69347914e-02
 2.71892864e-02 2.82210223e-02 2.96283588e-02 2.97293030e-02
 2.97941696e-02 2.99005359e-02 3.01045980e-02 3.02364714e-02
 3.05164531e-02 3.06752548e-02 3.11061516e-02 3.11492477e-02
 3.23122516e-02 3.24525200e-02 3.40331793e-02 3.47776078e-02
 3.61546054e-02 3.64916362e-02 3.69880572e-02 3.79527472e-02
 3.80684473e-02 3.87309678e-02 3.88711914e-02 3.94355617e-02
 4.21112776e-02 4.27808203e-02 4.31819521e-02 4.46821339e-02
 4.50914465e-02 4.53116111e-02 4.73322421e-02 4.83590104e-02
 4.84773293e-02 4.90836836e-02 4.92266901e-02 4.94788215e-02
 5.12130000e-02 5.27604222e-02 5.37794866e-02 5.38787059e-02
 5.41537851e-02 5.42631857e-02 5.48861511e-02 5.60059287e-02
 5.76517135e-02 5.87058812e-02 5.89732453e-02 6.13407157e-02
 6.19021542e-02 6.23309724e-02 6.26782998e-02 6.50333390e-02
 6.62741140e-02 6.64700046e-02 6.85999840e-02 6.86216354e-02
 6.89079762e-02 6.94845617e-02 7.11556748e-02 7.34864622e-02
 7.68586472e-02 7.73745924e-02 7.90456682e-02 8.03469345e-02
 8.09454247e-02 8.26587081e-02 8.48940387e-02 8.50800425e-02
 8.66167918e-02 8.81645828e-02 9.00634155e-02 9.08896700e-02
 9.09267217e-02 9.24960002e-02 9.31136832e-02 9.43090543e-02
 9.50912908e-02 9.55442116e-02 9.55928341e-02 9.66415703e-02
 9.67357755e-02 9.80357155e-02 9.98450890e-02 1.00467011e-01
 1.01514421e-01 1.06404118e-01 1.06492989e-01 1.06800385e-01
 1.09071821e-01 1.10804826e-01 1.10983163e-01 1.12898305e-01
 1.13346510e-01 1.13396674e-01 1.13945767e-01 1.16182342e-01
 1.18748344e-01 1.19756550e-01 1.20660014e-01 1.24003761e-01
 1.24300733e-01 1.28021732e-01 1.28081590e-01 1.33096069e-01
 1.39273614e-01 1.43354833e-01 1.44515246e-01 1.44793168e-01
 1.46129608e-01 1.46525666e-01 1.47821873e-01 1.54872358e-01
 1.60796344e-01 1.62281573e-01 1.64029032e-01 1.64875731e-01
 1.68228135e-01 1.68688163e-01 1.72550395e-01 1.75831392e-01
 1.77515090e-01 1.78180352e-01 1.82585359e-01 1.85181618e-01
 1.86887011e-01 1.95540905e-01 2.18045309e-01 2.24309087e-01
 2.25831926e-01 2.26860687e-01 2.27377608e-01 2.30844021e-01
 2.50411272e-01 2.51264989e-01 2.51757681e-01 2.58477420e-01
 2.60736883e-01 2.65899420e-01 2.77851462e-01 2.84234881e-01
 3.11189651e-01 3.11621845e-01 3.13373297e-01 3.18003356e-01
 3.23368639e-01 3.30516666e-01 3.31223428e-01 3.33465606e-01
 3.40381980e-01 3.49917978e-01 3.55747372e-01 3.60814035e-01
 3.72331977e-01 3.74104947e-01 3.81100297e-01 3.90873194e-01
 3.94752204e-01 4.05607313e-01 4.09916461e-01 4.13908422e-01
 4.24686819e-01 4.27725762e-01 4.37439859e-01 4.72492129e-01
 4.97056574e-01 5.22725463e-01 5.26005864e-01 5.36896706e-01
 5.43942571e-01 5.47713339e-01 5.50171673e-01 5.71500778e-01
 5.72502136e-01 5.76549768e-01 5.79266369e-01 6.09090686e-01
 6.31440222e-01 6.41575396e-01 6.55105531e-01 6.59221888e-01
 6.68213010e-01 6.74950361e-01 7.10832596e-01 7.26832092e-01
 7.31314123e-01 7.33702242e-01 7.39252031e-01 7.39366770e-01
 7.50516534e-01 7.51800776e-01 7.72184610e-01 7.82763600e-01
 7.86826491e-01 7.98000276e-01 8.12309623e-01 8.31016958e-01
 8.44251096e-01 8.45692873e-01 8.59007537e-01 8.59245658e-01
 8.59856486e-01 8.64865184e-01 8.70742202e-01 8.73557329e-01
 9.15013850e-01 9.39375162e-01 9.40129578e-01 9.45265055e-01
 9.54496086e-01 9.60658669e-01 9.62053955e-01 9.68730152e-01
 9.70184028e-01 9.71014857e-01 9.74662840e-01 9.88837838e-01
 9.89427626e-01 9.90863085e-01 9.95981455e-01 9.96524870e-01
 9.97604191e-01 9.97925043e-01 9.98634994e-01 9.98781502e-01
 9.99789298e-01 9.99862075e-01 9.99938369e-01 9.99980092e-01
 9.99986887e-01 9.99999642e-01 9.99999762e-01]
[0 1 2 3 4 5]
---Results----
---Overall Data---
mean
loss    0.657124
acc     0.787500
dtype: float64
std
loss    0.053453
acc     0.030619
dtype: float64

Process finished with exit code 0
